Log file open, 05/14/18 19:18:54
LogInit:Display: Running engine for game: Pavlov
LogPlatformFile: Not using cached read wrapper
LogInit:Display: RandInit(815446859) SRandInit(815446859).
LogTaskGraph: Started task graph with 5 named threads and 12 total threads with 1 sets of task threads.
LogStats: Stats thread started at 0.131685
LogInit: Using libcurl 7.47.1
LogInit:  - built for x86_64-pc-win32
LogInit:  - supports SSL with OpenSSL/1.0.2g
LogInit:  - supports HTTP deflate (compression) using libz 1.2.8
LogInit:  - other features:
LogInit:      CURL_VERSION_SSL
LogInit:      CURL_VERSION_LIBZ
LogInit:      CURL_VERSION_IPV6
LogInit:      CURL_VERSION_ASYNCHDNS
LogInit:      CURL_VERSION_LARGEFILE
LogInit:      CURL_VERSION_IDN
LogInit:  CurlRequestOptions (configurable via config and command line):
LogInit:  - bVerifyPeer = false  - Libcurl will NOT verify peer certificate
LogInit:  - bUseHttpProxy = false  - Libcurl will NOT use HTTP proxy
LogInit:  - bDontReuseConnections = false  - Libcurl will reuse connections
LogInit:  - CertBundlePath = nullptr  - Libcurl will use whatever was configured at build time.
LogInit: Build: ++UE4+Release-4.15-CL-3450819
LogInit: Engine Version: 4.15.3-3450819+++UE4+Release-4.15
LogInit: Compatible Engine Version: 4.15.0-3299760+++UE4+Release-4.15
LogInit: Net CL: 3299760
LogDevObjectVersion: Number of dev versions registered: 14
LogDevObjectVersion:   Dev-Blueprints (B0D832E4-1F89-4F0D-ACCF-7EB736FD4AA2): 8
LogDevObjectVersion:   Dev-Build (E1C64328-A22C-4D53-A36C-8E866417BD8C): 0
LogDevObjectVersion:   Dev-Core (375EC13C-06E4-48FB-B500-84F0262A717E): 2
LogDevObjectVersion:   Dev-Editor (E4B068ED-F494-42E9-A231-DA0B2E46BB41): 14
LogDevObjectVersion:   Dev-Framework (CFFC743F-43B0-4480-9391-14DF171D2073): 22
LogDevObjectVersion:   Dev-Mobile (B02B49B5-BB20-44E9-A304-32B752E40360): 0
LogDevObjectVersion:   Dev-Networking (A4E4105C-59A1-49B5-A7C5-40C4547EDFEE): 0
LogDevObjectVersion:   Dev-Online (39C831C9-5AE6-47DC-9A44-9C173E1C8E7C): 0
LogDevObjectVersion:   Dev-Physics (78F01B33-EBEA-4F98-B9B4-84EACCB95AA2): 0
LogDevObjectVersion:   Dev-Platform (6631380F-2D4D-43E0-8009-CF276956A95A): 0
LogDevObjectVersion:   Dev-Rendering (12F88B9F-8875-4AFC-A67C-D90C383ABD29): 12
LogDevObjectVersion:   Dev-Sequencer (7B5AE74C-D270-4C10-A958-57980B212A5A): 3
LogDevObjectVersion:   Dev-VR (D7296918-1DD6-4BDD-9DE2-64A83CC13884): 0
LogDevObjectVersion:   Dev-LoadTimes (C2A15278-BFE7-4AFE-6C17-90FF531DF755): 1
LogInit: Compiled (64-bit): May 21 2017 11:02:34
LogInit: Compiled with Visual C++: 19.00.23026.00
LogInit: Build Configuration: Development
LogInit: Branch Name: ++UE4+Release-4.15
LogInit: Command line: -EpicPortal 
LogInit: Base directory: E:/Epic/UE_4.15/Engine/Binaries/Win64/
LogInit: Installed Engine Build: 1
LogInit: Presizing for max 8388607 objects, including 0 objects not considered by GC, pre-allocating 0 bytes for permanent pool.
LogInit: Object subsystem initialized
[2018.05.14-23.18.55:561][  0]LogInit: Selected Device Profile: [Windows]
[2018.05.14-23.18.55:561][  0]LogInit: Applying CVar settings loaded from the selected device profile: [Windows]
[2018.05.14-23.18.55:582][  0]LogInit: Computer: DESKTOP-AS4V5HP
[2018.05.14-23.18.55:582][  0]LogInit: User: Kaizien
[2018.05.14-23.18.55:582][  0]LogInit: CPU Page size=65536, Cores=8
[2018.05.14-23.18.55:582][  0]LogInit: High frequency timer resolution =2.924194 MHz
[2018.05.14-23.18.55:582][  0]LogMemory: Memory total: Physical=15.9GB (16GB approx)
[2018.05.14-23.18.55:582][  0]LogMemory: Platform Memory Stats for Windows
[2018.05.14-23.18.55:582][  0]LogMemory: Process Physical Memory: 267.49 MB used, 267.49 MB peak
[2018.05.14-23.18.55:582][  0]LogMemory: Process Virtual Memory: 266.22 MB used, 266.22 MB peak
[2018.05.14-23.18.55:582][  0]LogMemory: Physical Memory: 8206.54 MB used,  8110.23 MB free, 16316.77 MB total
[2018.05.14-23.18.55:582][  0]LogMemory: Virtual Memory: 686.84 MB used,  8110.23 MB free, 134217728.00 MB total
[2018.05.14-23.18.55:698][  0]LogTextLocalizationManager: No specific translations for ('en-US') exist, so ('en') translations will be used.
[2018.05.14-23.18.56:645][  0]LogD3D11RHI: D3D11 adapters:
[2018.05.14-23.18.56:753][  0]LogD3D11RHI:    0. 'NVIDIA GeForce GTX 1070 Ti' (Feature Level 11_0)
[2018.05.14-23.18.56:753][  0]LogD3D11RHI:       7986/0/8158 MB DedicatedVideo/DedicatedSystem/SharedSystem, Outputs:2, VendorId:0x10de
[2018.05.14-23.18.56:757][  0]LogD3D11RHI:    1. 'Microsoft Basic Render Driver' (Feature Level 11_0)
[2018.05.14-23.18.56:757][  0]LogD3D11RHI:       0/0/8158 MB DedicatedVideo/DedicatedSystem/SharedSystem, Outputs:0, VendorId:0x1414
[2018.05.14-23.18.56:757][  0]LogD3D11RHI: Chosen D3D11 Adapter: 0
[2018.05.14-23.18.56:771][  0]LogD3D11RHI: Creating new Direct3DDevice
[2018.05.14-23.18.56:771][  0]LogD3D11RHI:     GPU DeviceId: 0x1b82 (for the marketing name, search the web for "GPU Device Id")
[2018.05.14-23.18.56:771][  0]LogWindows: EnumDisplayDevices:
[2018.05.14-23.18.56:772][  0]LogWindows:    0. 'NVIDIA GeForce GTX 1070 Ti' (P:1 D:1)
[2018.05.14-23.18.56:772][  0]LogWindows:    1. 'NVIDIA GeForce GTX 1070 Ti' (P:0 D:1)
[2018.05.14-23.18.56:772][  0]LogWindows:    2. 'NVIDIA GeForce GTX 1070 Ti' (P:0 D:0)
[2018.05.14-23.18.56:772][  0]LogWindows:    3. 'NVIDIA GeForce GTX 1070 Ti' (P:0 D:0)
[2018.05.14-23.18.56:772][  0]LogWindows: DebugString: GetVideoDriverDetailsInvalid PrimaryIsNotTheChoosenAdapter GetVideoDriverDetailsInvalid PrimaryIsNotTheChoosenAdapter GetVideoDriverDetailsInvalid PrimaryIsNotTheChoosenAdapter GetVideoDriverDetailsInvalid PrimaryIsNotTheChoosenAdapter FoundDriverCount:0 
[2018.05.14-23.18.56:772][  0]LogD3D11RHI:     Adapter Name: NVIDIA GeForce GTX 1070 Ti
[2018.05.14-23.18.56:772][  0]LogD3D11RHI:   Driver Version: Unknown (internal:Unknown, unified:Unknown)
[2018.05.14-23.18.56:772][  0]LogD3D11RHI:      Driver Date: Unknown
[2018.05.14-23.18.56:772][  0]LogRHI: Texture pool is 1361 MB (70% of 1945 MB)
[2018.05.14-23.18.56:855][  0]LogD3D11RHI: Async texture creation enabled
[2018.05.14-23.18.56:936][  0]LogD3D11RHI: GPU Timing Frequency: 1000.000000 (Debug: 2 2)
[2018.05.14-23.18.57:029][  0]LogShaderCompilers: Guid format shader working directory is -25 characters bigger than the processId version (C:/Users/Kaizien/Documents/Unreal Projects/UnrealEngine-PavlovVRWorkshop/Intermediate/Shaders/WorkingDirectory/16800/).
[2018.05.14-23.18.57:029][  0]LogShaderCompilers: Cleaned the shader compiler working directory 'C:/Users/Kaizien/AppData/Local/Temp/UnrealShaderWorkingDir/D0CEC3954CEB2A525A2DA38992561880/'.
[2018.05.14-23.18.57:029][  0]LogShaderCompilers:Display: Using Local Shader Compiler.
[2018.05.14-23.18.58:315][  0]LogTemp:Display: Loaded TP AllDesktopTargetPlatform
[2018.05.14-23.18.58:396][  0]LogTemp:Display: Loaded TP MacClientTargetPlatform
[2018.05.14-23.18.58:472][  0]LogTemp:Display: Loaded TP MacNoEditorTargetPlatform
[2018.05.14-23.18.58:544][  0]LogTemp:Display: Loaded TP MacServerTargetPlatform
[2018.05.14-23.18.58:617][  0]LogTemp:Display: Loaded TP MacTargetPlatform
[2018.05.14-23.18.58:689][  0]LogTemp:Display: Loaded TP WindowsClientTargetPlatform
[2018.05.14-23.18.58:758][  0]LogTemp:Display: Loaded TP WindowsNoEditorTargetPlatform
[2018.05.14-23.18.58:829][  0]LogTemp:Display: Loaded TP WindowsServerTargetPlatform
[2018.05.14-23.18.58:884][  0]LogTemp:Display: Loaded TP WindowsTargetPlatform
[2018.05.14-23.18.58:953][  0]LogTemp:Display: Loaded TP AndroidTargetPlatform
[2018.05.14-23.18.59:025][  0]LogTemp:Display: Loaded TP Android_ASTCTargetPlatform
[2018.05.14-23.18.59:097][  0]LogTemp:Display: Loaded TP Android_ATCTargetPlatform
[2018.05.14-23.18.59:165][  0]LogTemp:Display: Loaded TP Android_DXTTargetPlatform
[2018.05.14-23.18.59:234][  0]LogTemp:Display: Loaded TP Android_ETC1TargetPlatform
[2018.05.14-23.18.59:305][  0]LogTemp:Display: Loaded TP Android_ETC2TargetPlatform
[2018.05.14-23.18.59:445][  0]LogTemp:Display: Loaded TP Android_MultiTargetPlatform
[2018.05.14-23.18.59:445][  0]LogTemp:Display: Loaded TP Android_PVRTCTargetPlatform
[2018.05.14-23.18.59:492][  0]LogTemp:Display: Loaded TP HTML5TargetPlatform
[2018.05.14-23.18.59:607][  0]LogTemp:Display: Loaded TP IOSTargetPlatform
[2018.05.14-23.18.59:651][  0]LogTemp:Display: Loaded TP TVOSTargetPlatform
[2018.05.14-23.18.59:720][  0]LogTemp:Display: Loaded TP LinuxClientTargetPlatform
[2018.05.14-23.18.59:786][  0]LogTemp:Display: Loaded TP LinuxNoEditorTargetPlatform
[2018.05.14-23.18.59:855][  0]LogTemp:Display: Loaded TP LinuxServerTargetPlatform
[2018.05.14-23.18.59:927][  0]LogTemp:Display: Loaded TP LinuxTargetPlatform
[2018.05.14-23.18.59:927][  0]LogTargetPlatformManager:Display: Building Assets For Windows
[2018.05.14-23.19.00:428][  0]LogDerivedDataCache:Display: Max Cache Size: 512 MB
[2018.05.14-23.19.00:495][  0]LogDerivedDataCache: Loaded boot cache 0.07s 51MB C:/Users/Kaizien/AppData/Local/UnrealEngine/4.15/DerivedDataCache/Boot.ddc.
[2018.05.14-23.19.00:495][  0]LogDerivedDataCache:Display: Loaded Boot cache: C:/Users/Kaizien/AppData/Local/UnrealEngine/4.15/DerivedDataCache/Boot.ddc
[2018.05.14-23.19.00:495][  0]LogDerivedDataCache: FDerivedDataBackendGraph:  Pak pak cache file C:/Users/Kaizien/Documents/Unreal Projects/UnrealEngine-PavlovVRWorkshop/DerivedDataCache/DDC.ddp not found, will not use a pak cache.
[2018.05.14-23.19.00:495][  0]LogDerivedDataCache: Unable to find inner node Pak for hierarchical cache Hierarchy.
[2018.05.14-23.19.00:495][  0]LogDerivedDataCache: FDerivedDataBackendGraph:  CompressedPak pak cache file C:/Users/Kaizien/Documents/Unreal Projects/UnrealEngine-PavlovVRWorkshop/DerivedDataCache/Compressed.ddp not found, will not use a pak cache.
[2018.05.14-23.19.00:495][  0]LogDerivedDataCache: Unable to find inner node CompressedPak for hierarchical cache Hierarchy.
[2018.05.14-23.19.00:521][  0]LogDerivedDataCache:Display: Pak cache opened for reading ../../../Engine/DerivedDataCache/Compressed.ddp.
[2018.05.14-23.19.00:534][  0]LogDerivedDataCache: Using Local data cache path C:/Users/Kaizien/AppData/Local/UnrealEngine/Common/DerivedDataCache: Writable
[2018.05.14-23.19.00:569][  0]LogSlate: Using Freetype 2.6.0
[2018.05.14-23.19.00:571][  0]LogSlate: SlateFontCache - WITH_FREETYPE: 1, WITH_HARFBUZZ: 1
[2018.05.14-23.19.00:571][  0]LogSlate: SlateFontCache - WITH_FREETYPE: 1, WITH_HARFBUZZ: 1
[2018.05.14-23.19.00:994][  0]LogInit: Selected Device Profile: [Windows]
[2018.05.14-23.19.01:000][  0]LogContentStreaming: Texture pool size is 0.00 MB
[2018.05.14-23.19.01:290][  0]LogMeshUtilities: Using QuadricMeshReduction for automatic static mesh reduction
[2018.05.14-23.19.01:341][  0]LogSimplygon: Simplygon DLL not present - disabling.
[2018.05.14-23.19.01:398][  0]LogMeshUtilities: Using SimplygonSwarm for distributed automatic mesh merging
[2018.05.14-23.19.01:398][  0]LogMeshUtilities: No automatic skeletal mesh reduction module available
[2018.05.14-23.19.01:398][  0]LogMeshUtilities: No automatic mesh merging module available
[2018.05.14-23.19.02:229][  0]LogNetVersion: GetLocalNetworkVersion: CL: 3299760, ProjectName: pavlov, ProjectVersion: , EngineNetworkVersion: 2, GameNetworkVersion: 0, NetworkChecksum: 2014131361
[2018.05.14-23.19.02:278][  0]LogAssetRegistry: FAssetRegistry took 0.0219 seconds to start up
[2018.05.14-23.19.02:372][  0]LogPackageLocalizationCache: Processed 4 localized package path(s) for 2 prioritized culture(s) in 0.072641 seconds
[2018.05.14-23.19.02:381][  0]LogUObjectArray: 32493 objects as part of root set at end of initial load.
[2018.05.14-23.19.02:381][  0]LogUObjectAllocator: 7077024 out of 0 bytes used by permanent object pool.
[2018.05.14-23.19.02:381][  0]LogUObjectArray: CloseDisregardForGC: 0/0 objects in disregard for GC pool
[2018.05.14-23.19.02:443][  0]LogInit: WinSock: version 1.1 (2.2), MaxSocks=32767, MaxUdp=65467
[2018.05.14-23.19.04:720][  0]LogTcpMessaging: Initializing TcpMessaging bridge
[2018.05.14-23.19.04:771][  0]LogUdpMessaging: Initializing bridge on interface 0.0.0.0:0 to multicast group 230.0.0.1:6666.
[2018.05.14-23.19.05:354][  0]LogMaterial: Missing cached shader map for material BaseColor, compiling. 
[2018.05.14-23.19.05:382][  0]LogMaterial:Warning: Failed to compile Material /Engine/BufferVisualization/BaseColor.BaseColor for platform PCD3D_SM5, Default Material will be used in game.
[2018.05.14-23.19.05:382][  0]LogMaterial:Warning: 	(Node SceneTexture) GBuffer scene textures not available with forward shading.
[2018.05.14-23.19.05:405][  0]LogMaterial: Uniform references updated for custom material expression Custom.
[2018.05.14-23.19.05:429][  0]LogMaterial: Missing cached shader map for material LightingModel, compiling. 
[2018.05.14-23.19.05:430][  0]LogMaterial:Warning: Failed to compile Material /Engine/BufferVisualization/LightingModel.LightingModel for platform PCD3D_SM5, Default Material will be used in game.
[2018.05.14-23.19.05:430][  0]LogMaterial:Warning: 	(Node SceneTexture) GBuffer scene textures not available with forward shading.
[2018.05.14-23.19.05:432][  0]LogMaterial: Missing cached shader map for material MaterialAO, compiling. 
[2018.05.14-23.19.05:433][  0]LogMaterial:Warning: Failed to compile Material /Engine/BufferVisualization/MaterialAO.MaterialAO for platform PCD3D_SM5, Default Material will be used in game.
[2018.05.14-23.19.05:433][  0]LogMaterial:Warning: 	(Node SceneTexture) GBuffer scene textures not available with forward shading.
[2018.05.14-23.19.05:436][  0]LogMaterial: Missing cached shader map for material Metallic, compiling. 
[2018.05.14-23.19.05:436][  0]LogMaterial:Warning: Failed to compile Material /Engine/BufferVisualization/Metallic.Metallic for platform PCD3D_SM5, Default Material will be used in game.
[2018.05.14-23.19.05:436][  0]LogMaterial:Warning: 	(Node SceneTexture) GBuffer scene textures not available with forward shading.
[2018.05.14-23.19.05:440][  0]LogMaterial: Missing cached shader map for material Opacity, compiling. 
[2018.05.14-23.19.05:440][  0]LogMaterial:Warning: Failed to compile Material /Engine/BufferVisualization/Opacity.Opacity for platform PCD3D_SM5, Default Material will be used in game.
[2018.05.14-23.19.05:440][  0]LogMaterial:Warning: 	(Node SceneTexture) GBuffer scene textures not available with forward shading.
[2018.05.14-23.19.05:443][  0]LogMaterial: Missing cached shader map for material Roughness, compiling. 
[2018.05.14-23.19.05:444][  0]LogMaterial:Warning: Failed to compile Material /Engine/BufferVisualization/Roughness.Roughness for platform PCD3D_SM5, Default Material will be used in game.
[2018.05.14-23.19.05:444][  0]LogMaterial:Warning: 	(Node SceneTexture) GBuffer scene textures not available with forward shading.
[2018.05.14-23.19.05:488][  0]LogMaterial: Missing cached shader map for material Specular, compiling. 
[2018.05.14-23.19.05:488][  0]LogMaterial:Warning: Failed to compile Material /Engine/BufferVisualization/Specular.Specular for platform PCD3D_SM5, Default Material will be used in game.
[2018.05.14-23.19.05:488][  0]LogMaterial:Warning: 	(Node SceneTexture) GBuffer scene textures not available with forward shading.
[2018.05.14-23.19.05:493][  0]LogMaterial: Missing cached shader map for material SubsurfaceColor, compiling. 
[2018.05.14-23.19.05:493][  0]LogMaterial:Warning: Failed to compile Material /Engine/BufferVisualization/SubsurfaceColor.SubsurfaceColor for platform PCD3D_SM5, Default Material will be used in game.
[2018.05.14-23.19.05:493][  0]LogMaterial:Warning: 	(Node SceneTexture) GBuffer scene textures not available with forward shading.
[2018.05.14-23.19.05:496][  0]LogMaterial: Missing cached shader map for material WorldNormal, compiling. 
[2018.05.14-23.19.05:496][  0]LogMaterial:Warning: Failed to compile Material /Engine/BufferVisualization/WorldNormal.WorldNormal for platform PCD3D_SM5, Default Material will be used in game.
[2018.05.14-23.19.05:496][  0]LogMaterial:Warning: 	(Node SceneTexture) GBuffer scene textures not available with forward shading.
[2018.05.14-23.19.05:959][  0]SourceControl: Info Source control is disabled
[2018.05.14-23.19.05:960][  0]SourceControl: Info Source control is disabled
[2018.05.14-23.19.06:022][  0]SourceControl: Info Source control is disabled
[2018.05.14-23.19.06:083][  0]SourceControl: Info Source control is disabled
[2018.05.14-23.19.07:746][  0]LogEngine: Initializing Engine...
[2018.05.14-23.19.08:364][  0]LogHMD: SteamVR initialized.  Driver: lighthouse  Display: LHR-224101F2
[2018.05.14-23.19.08:659][  0]LogStats: UGameplayTagsManager::ConstructGameplayTagTree: Construct from data asset -  0.000 s
[2018.05.14-23.19.08:659][  0]LogStats: UGameplayTagsManager::ConstructGameplayTagTree: GameplayTagTreeChangedEvent.Broadcast -  0.000 s
[2018.05.14-23.19.08:799][  0]LogAIModule: Creating AISystem for world Untitled
[2018.05.14-23.19.08:845][  0]LogInit: XAudio2 using 'HTC-VIVE (2- NVIDIA High Definition Audio)' : 2 channels at 48 kHz using 16 bits per sample (channel mask 0x3)
[2018.05.14-23.19.08:858][  0]LogInit: FAudioDevice initialized.
[2018.05.14-23.19.08:913][  0]LogDerivedDataCache: Saved boot cache 0.05s 62MB C:/Users/Kaizien/AppData/Local/UnrealEngine/4.15/DerivedDataCache/Boot.ddc.
[2018.05.14-23.19.08:927][  0]LogInit: Texture streaming: Enabled
[2018.05.14-23.19.09:016][  0]LogEngineSessionManager: EngineSessionManager initialized
[2018.05.14-23.19.09:138][  0]LogInit: Transaction tracking system initialized
[2018.05.14-23.19.09:514][  0]BlueprintLog: New page: Editor Load
[2018.05.14-23.19.10:429][  0]LocalizationService: Info Localization service is disabled
[2018.05.14-23.19.11:500][  0]LogConsoleResponse:Display: 
[2018.05.14-23.19.11:800][  0]LogCook:Display: Max memory allowance for cook 16384mb min free memory 0mb
[2018.05.14-23.19.11:800][  0]LogCook:Display: Mobile HDR setting 0
[2018.05.14-23.19.11:824][  0]LogFileCache: Scanning file cache for directory 'C:/Users/Kaizien/Documents/Unreal Projects/UnrealEngine-PavlovVRWorkshop/Content/' took 0.02s
[2018.05.14-23.19.12:576][  0]CustomMapToolsLog: Initializing Pavlov's workshop editor plugin
[2018.05.14-23.19.12:675][  0]CustomMapToolsLog: Visiting C:/Users/Kaizien/Documents/Unreal Projects/UnrealEngine-PavlovVRWorkshop/Content/CustomMaps/UGC1386062767
[2018.05.14-23.19.13:105][  0]SourceControl: Info Source control is disabled
[2018.05.14-23.19.13:105][  0]Cmd: MAP LOAD FILE="C:/Users/Kaizien/Documents/Unreal Projects/UnrealEngine-PavlovVRWorkshop/Content/CustomMaps/UGC1386062767/TwitchMap.umap" TEMPLATE=0 SHOWPROGRESS=1 FEATURELEVEL=3
[2018.05.14-23.19.13:106][  0]LightingResults: New page: Lighting Build
[2018.05.14-23.19.13:150][  0]MapCheck: New page: Map Check
[2018.05.14-23.19.13:150][  0]LightingResults: New page: Lighting Build
[2018.05.14-23.19.13:785][  0]LogAIModule: Creating AISystem for world TwitchMap
[2018.05.14-23.19.13:844][  0]LogEditorServer: Finished looking for orphan Actors (0.000 secs)
[2018.05.14-23.19.13:852][  0]Cmd: MAP CHECKDEP NOCLEARLOG
[2018.05.14-23.19.13:909][  0]MapCheck: Info Map check complete: 0 Error(s), 0 Warning(s), took 57.292ms to complete.
[2018.05.14-23.19.13:909][  0]LogFileHelpers: Loading map 'TwitchMap' took 0.805
[2018.05.14-23.19.14:570][  0]LogCollectionManager: Loaded 1 collections in 0.005349 seconds
[2018.05.14-23.19.14:747][  0]LogFileCache: Scanning file cache for directory 'C:/Users/Kaizien/Documents/Unreal Projects/UnrealEngine-PavlovVRWorkshop/Saved/Collections/' took 0.01s
[2018.05.14-23.19.14:747][  0]LogFileCache: Scanning file cache for directory 'C:/Users/Kaizien/Documents/Unreal Projects/UnrealEngine-PavlovVRWorkshop/Content/Developers/Kaizien/Collections/' took 0.01s
[2018.05.14-23.19.14:747][  0]LogFileCache: Scanning file cache for directory 'C:/Users/Kaizien/Documents/Unreal Projects/UnrealEngine-PavlovVRWorkshop/Content/Collections/' took 0.01s
[2018.05.14-23.19.14:747][  0]LogCollectionManager: Rebuilt the GUID cache for 1 collections in 0.000005 seconds
[2018.05.14-23.19.14:747][  0]LogCollectionManager: Rebuilt the hierarchy cache for 1 collections in 0.000000 seconds
[2018.05.14-23.19.14:775][  0]LogContentBrowser: Native class hierarchy populated in 0.0250 seconds. Added 2254 classes and 456 folders.
[2018.05.14-23.19.14:893][  0]LogContentBrowser: Native class hierarchy updated for 'WidgetCarousel' in 0.0007 seconds. Added 0 classes and 0 folders.
[2018.05.14-23.19.15:767][  0]LogContentBrowser: Native class hierarchy updated for 'AddContentDialog' in 0.0008 seconds. Added 0 classes and 0 folders.
[2018.05.14-23.19.15:902][  0]LogContentBrowser: Native class hierarchy updated for 'SceneOutliner' in 0.0007 seconds. Added 1 classes and 2 folders.
[2018.05.14-23.19.16:180][  0]LogCrashTracker: Crashtracker disabled due to settings.
[2018.05.14-23.19.16:272][  0]LogUObjectGlobals:Warning: Failed to find object 'Class None.'
[2018.05.14-23.19.16:363][  0]LogContentBrowser: Native class hierarchy updated for 'HierarchicalLODOutliner' in 0.0011 seconds. Added 1 classes and 2 folders.
[2018.05.14-23.19.16:364][  0]LogLoad: (Engine Initialization) Total time: 23.91 seconds
[2018.05.14-23.19.16:364][  0]LogLoad: (Engine Initialization) Total Blueprint compile time: 0.11 seconds
[2018.05.14-23.19.16:364][  0]LogExternalProfiler: Found external profiler: VSPerf
[2018.05.14-23.19.16:364][  0]LogExternalProfiler: Using external profiler: VSPerf
[2018.05.14-23.19.16:374][  0]LogWindowsTextInputMethodSystem:Display: IME system now deactivated.
[2018.05.14-23.19.16:375][  0]LogOcInput: OculusInput pre-init called
[2018.05.14-23.19.16:375][  0]LogSteamVRController: Controller role for device 3 is 1 (invalid=0, left=1, right=2).
[2018.05.14-23.19.16:375][  0]LogSteamVRController:Warning: Controller device 3 is being assigned to its prefered role 'left'.
[2018.05.14-23.19.16:375][  0]LogSteamVRController: Controller device 3 is being assigned unreal hand 0 (left=0, right=1).
[2018.05.14-23.19.16:375][  0]LogSteamVRController: Controller role for device 4 is 2 (invalid=0, left=1, right=2).
[2018.05.14-23.19.16:375][  0]LogSteamVRController: Putting controller 4 on the right hand because there is already a controller for the left.
[2018.05.14-23.19.16:375][  0]LogSteamVRController: Controller device 4 is being assigned unreal hand 1 (left=0, right=1).
[2018.05.14-23.19.16:461][  0]LogContentStreaming: Texture pool size now 2500 MB
[2018.05.14-23.19.16:463][  0]LogSlate: Took 0.000316 seconds to synchronously load lazily loaded font '../../../Engine/Content/Slate/Fonts/Roboto-Regular.ttf' (155K)
[2018.05.14-23.19.16:466][  0]LogSlate: Took 0.000340 seconds to synchronously load lazily loaded font '../../../Engine/Content/Slate/Fonts/Roboto-Bold.ttf' (160K)
[2018.05.14-23.19.16:514][  0]LogSlate: Took 0.016234 seconds to synchronously load lazily loaded font '../../../Engine/Content/Editor/Slate/Fonts/FontAwesome.ttf' (139K)
[2018.05.14-23.19.17:142][  0]LogRenderer: Reallocating scene render targets to support 1616x808 NumSamples 4 (Frame:2).
[2018.05.14-23.19.17:315][  2]LogAssetRegistry: Asset discovery search completed in 15.0601 seconds
[2018.05.14-23.19.17:315][  2]LogCollectionManager: Rebuilt the object cache for 1 collections in 0.000009 seconds (found 0 objects)
[2018.05.14-23.19.17:315][  2]LogCollectionManager: Fixed up redirectors for 1 collections in 0.000024 seconds (updated 0 objects)
[2018.05.14-23.19.30:117][493]CustomMapToolsLog: Synced item
[2018.05.14-23.19.31:895][685]LogSlate: Took 0.015669 seconds to synchronously load lazily loaded font '../../../Engine/Content/Slate/Fonts/Roboto-Light.ttf' (159K)
[2018.05.14-23.19.32:146][685]LogSavePackage: Save=191.97ms
[2018.05.14-23.19.32:146][685]LogSavePackage: Moving 'C:/Users/Kaizien/Documents/Unreal Projects/UnrealEngine-PavlovVRWorkshop/Saved/TwitchMap8D9397ED4748B86122977B896BBD9779.tmp' to 'C:/Users/Kaizien/Documents/Unreal Projects/UnrealEngine-PavlovVRWorkshop/Content/CustomMaps/UGC1386062767/TwitchMap.umap'
[2018.05.14-23.19.32:148][685]LogSavePackage:Display: Finished SavePackage C:/Users/Kaizien/Documents/Unreal Projects/UnrealEngine-PavlovVRWorkshop/Content/CustomMaps/UGC1386062767/TwitchMap.umap
[2018.05.14-23.19.32:265][685]LogSavePackage: Save=66.55ms
[2018.05.14-23.19.32:265][685]LogSavePackage: Moving 'C:/Users/Kaizien/Documents/Unreal Projects/UnrealEngine-PavlovVRWorkshop/Saved/TwitchMap_BuiltData4287A0B94D690B35461D82A8332B4131.tmp' to 'C:/Users/Kaizien/Documents/Unreal Projects/UnrealEngine-PavlovVRWorkshop/Content/CustomMaps/UGC1386062767/TwitchMap_BuiltData.uasset'
[2018.05.14-23.19.32:267][685]LogSavePackage:Display: Finished SavePackage C:/Users/Kaizien/Documents/Unreal Projects/UnrealEngine-PavlovVRWorkshop/Content/CustomMaps/UGC1386062767/TwitchMap_BuiltData.uasset
[2018.05.14-23.19.40:347][317]LogSlate: Only BGRA pngs, bmps or icos are supported in by External Image Picker
[2018.05.14-23.19.40:481][318]LogTemp:Display: Executing iPhonePackager certificates Engine -bundlename com.YourCompany.Pavlov

[2018.05.14-23.19.40:481][318]LogTemp:Display: CWD: E:\Epic\UE_4.15\Engine\Binaries\DotNET\IOS

[2018.05.14-23.19.40:481][318]LogTemp:Display: Initial Dir: E:\Epic\UE_4.15

[2018.05.14-23.19.40:481][318]LogTemp:Display: Env CWD: E:\Epic\UE_4.15\Engine\Binaries\DotNET\IOS

[2018.05.14-23.19.40:481][318]LogTemp:Display: BranchPath = DESKTOP-AS4V5HP/E/Epic/UE_4.15/Engine/Binaries --- GameBranchPath = DESKTOP-AS4V5HP/E/Epic/UE_4.15/Engine/Binaries

[2018.05.14-23.19.40:502][319]LogTemp:Display: IPP ERROR: Application exception: System.IO.DirectoryNotFoundException: Could not find a part of the path 'C:\Users\Kaizien\AppData\Local\Apple Computer\MobileDevice\Provisioning Profiles'.

[2018.05.14-23.19.40:502][319]LogTemp:Display:    at System.IO.__Error.WinIOError(Int32 errorCode, String maybeFullPath)

[2018.05.14-23.19.40:502][319]LogTemp:Display:    at System.IO.FileSystemEnumerableIterator`1.CommonInit()

[2018.05.14-23.19.40:502][319]LogTemp:Display:    at System.IO.Directory.EnumerateFiles(String path, String searchPattern)

[2018.05.14-23.19.40:502][319]LogTemp:Display:    at iPhonePackager.CodeSignatureBuilder.FindProvisions(String CFBundleIdentifier)

[2018.05.14-23.19.40:502][319]LogTemp:Display:    at iPhonePackager.Program.Main(String[] args)

[2018.05.14-23.19.46:723][898]LogSlate: Took 0.000434 seconds to synchronously load lazily loaded font '../../../Engine/Content/Slate/Fonts/Roboto-Light.ttf' (159K)
[2018.05.14-23.20.19:060][205]LogSavePackage: Save=135.38ms
[2018.05.14-23.20.19:060][205]LogSavePackage: Moving 'C:/Users/Kaizien/Documents/Unreal Projects/UnrealEngine-PavlovVRWorkshop/Saved/TwitchMap3FB00A1A4D40E1A1AB0C80B3E5120533.tmp' to 'C:/Users/Kaizien/Documents/Unreal Projects/UnrealEngine-PavlovVRWorkshop/Content/CustomMaps/UGC1386062767/TwitchMap.umap'
[2018.05.14-23.20.19:062][205]LogSavePackage:Display: Finished SavePackage C:/Users/Kaizien/Documents/Unreal Projects/UnrealEngine-PavlovVRWorkshop/Content/CustomMaps/UGC1386062767/TwitchMap.umap
[2018.05.14-23.20.19:142][205]LogSavePackage: Save=41.46ms
[2018.05.14-23.20.19:142][205]LogSavePackage: Moving 'C:/Users/Kaizien/Documents/Unreal Projects/UnrealEngine-PavlovVRWorkshop/Saved/TwitchMap_BuiltDataF248979443C504B6E88CCB8FED61D294.tmp' to 'C:/Users/Kaizien/Documents/Unreal Projects/UnrealEngine-PavlovVRWorkshop/Content/CustomMaps/UGC1386062767/TwitchMap_BuiltData.uasset'
[2018.05.14-23.20.19:144][205]LogSavePackage:Display: Finished SavePackage C:/Users/Kaizien/Documents/Unreal Projects/UnrealEngine-PavlovVRWorkshop/Content/CustomMaps/UGC1386062767/TwitchMap_BuiltData.uasset
[2018.05.14-23.20.20:014][306]MapCheck: New page: Map Check
[2018.05.14-23.20.20:049][306]Cmd: MAP REBUILD ALLVISIBLE
[2018.05.14-23.20.20:049][306]LogEditorServer: Rebuildmap Clear paths rebuilt
[2018.05.14-23.20.20:346][306]LogMaterial: Missing cached shader map for material FDebugViewModeMaterialProxy WorldGridMaterial, compiling. Is special engine material.
[2018.05.14-23.20.20:347][306]LogTemp:Display: Added material ShaderMap 0x000001F9A66B3900 with Material 0x000001F9A78CCA00 to ShaderMapsBeingCompiled
[2018.05.14-23.20.20:360][306]LogTemp:Display: Kicking off shader compilation for FDebugViewModeMaterialProxy WorldGridMaterial, GameThreadShaderMap 0x000001F9A66B3900
[2018.05.14-23.20.20:363][306]LogMaterial: Missing cached shader map for material FDebugViewModeMaterialProxy DefaultMaterial, compiling. 
[2018.05.14-23.20.20:364][306]LogTemp:Display: Added material ShaderMap 0x000001F9A66B3580 with Material 0x000001F9A78CD300 to ShaderMapsBeingCompiled
[2018.05.14-23.20.20:366][306]LogTemp:Display: Kicking off shader compilation for FDebugViewModeMaterialProxy DefaultMaterial, GameThreadShaderMap 0x000001F9A66B3580
[2018.05.14-23.20.20:368][306]LogMaterial: Missing cached shader map for material FDebugViewModeMaterialProxy MaterialInstanceDynamic_1, compiling. 
[2018.05.14-23.20.20:370][306]LogTemp:Display: Added material ShaderMap 0x000001F9A66B2B00 with Material 0x000001F9A78CD600 to ShaderMapsBeingCompiled
[2018.05.14-23.20.20:371][306]LogTemp:Display: Kicking off shader compilation for FDebugViewModeMaterialProxy MaterialInstanceDynamic_1, GameThreadShaderMap 0x000001F9A66B2B00
[2018.05.14-23.20.20:942][306]LogTemp:Display: Finished compile of shader map 0x000001F9A66B3900
[2018.05.14-23.20.20:942][306]LogTemp:Display: Shader map FDebugViewModeMaterialProxy WorldGridMaterial complete, GameThreadShaderMap 0x000001F9A66B3900, marking material FDebugViewModeMaterialProxy WorldGridMaterial as finished
[2018.05.14-23.20.20:942][306]LogTemp:Display: Marking material as finished 0x000001F9A78CCA00
[2018.05.14-23.20.21:009][306]LogTemp:Display: Finished compile of shader map 0x000001F9A66B3580
[2018.05.14-23.20.21:009][306]LogTemp:Display: Shader map FDebugViewModeMaterialProxy DefaultMaterial complete, GameThreadShaderMap 0x000001F9A66B3580, marking material FDebugViewModeMaterialProxy DefaultMaterial as finished
[2018.05.14-23.20.21:009][306]LogTemp:Display: Marking material as finished 0x000001F9A78CD300
[2018.05.14-23.20.21:010][306]LogTemp:Display: Finished compile of shader map 0x000001F9A66B2B00
[2018.05.14-23.20.21:010][306]LogTemp:Display: Shader map FDebugViewModeMaterialProxy MaterialInstanceDynamic_1 complete, GameThreadShaderMap 0x000001F9A66B2B00, marking material FDebugViewModeMaterialProxy MaterialInstanceDynamic_1 as finished
[2018.05.14-23.20.21:010][306]LogTemp:Display: Marking material as finished 0x000001F9A78CD600
[2018.05.14-23.20.21:012][306]TextureStreamingBuild:Display: Compiling optional shaders took 0.685 seconds.
[2018.05.14-23.20.21:031][306]LogLevel:Display: Export Material TexCoord Scales took 0.020 seconds.
[2018.05.14-23.20.21:040][306]TextureStreamingBuild:Display: Build Texture Streaming took 0.008 seconds.
[2018.05.14-23.20.21:062][306]LightingResults: New page: Lighting Build - May 14, 2018, 3:20:21 PM
[2018.05.14-23.20.21:203][306]LogSwarmInterface: [OpenConnection] Registering TCP channel ...
[2018.05.14-23.20.21:329][306]LogSwarmInterface: [OpenConnection] Connecting to agent ...
[2018.05.14-23.20.21:357][306]LogSwarmInterface: [TryOpenConnection] Testing the Agent
[2018.05.14-23.20.22:385][306]LogSwarmInterface: [TryOpenConnection] Opening Connection to Agent
[2018.05.14-23.20.22:385][306]LogSwarmInterface: [TryOpenConnection] Local Process ID is 16800
[2018.05.14-23.20.25:548][306]LogStaticLightingSystem: Running Lightmass w/ ImmediateImport mode ENABLED
[2018.05.14-23.20.25:548][306]LogStaticLightingSystem: Running Lightmass w/ ImmediateProcess mode ENABLED
[2018.05.14-23.20.25:548][306]LogStaticLightingSystem: Running Lightmass w/ Sorting mode ENABLED
[2018.05.14-23.20.25:548][306]LogStaticLightingSystem: Running Lightmass w/ Mapping paddings ENABLED
[2018.05.14-23.20.25:548][306]LogStaticLightingSystem: Running Lightmass w/ Mapping debug paddings DISABLED
[2018.05.14-23.20.25:731][306]Cmd: MAP CHECK DONTDISPLAYDIALOG
[2018.05.14-23.20.25:731][306]MapCheck: New page: TwitchMap - May 14, 2018, 3:20:25 PM
[2018.05.14-23.20.25:797][306]MapCheck: Info Map check complete: 0 Error(s), 0 Warning(s), took 65.539ms to complete.
[2018.05.14-23.20.25:820][306]LogEditorBuildUtils: Build time 0:05
[2018.05.14-23.20.28:148][420]Job is a success!
[2018.05.14-23.20.28:428][421]LogTexture:Display: Building textures: HQ_Lightmap1_1 (AutoDXT, 512X512) - 88 MB total VRAM
[2018.05.14-23.20.28:428][421]LogTexture:Display: Building textures: LQ_Lightmap_1_1 (DXT1, 512X512) - 88 MB total VRAM
[2018.05.14-23.20.28:428][421]LogTexture:Display: Building textures: HQ_Lightmap1_2 (AutoDXT, 512X512) - 88 MB total VRAM
[2018.05.14-23.20.28:428][421]LogTexture:Display: Building textures: HQ_Lightmap1_3 (AutoDXT, 64X64) - 88 MB total VRAM
[2018.05.14-23.20.28:428][421]LogTexture:Display: Building textures: LQ_Lightmap_1_2 (DXT1, 512X512) - 88 MB total VRAM
[2018.05.14-23.20.28:428][421]LogTexture:Display: Building textures: LQ_Lightmap_1_3 (DXT1, 64X64) - 88 MB total VRAM
[2018.05.14-23.20.28:467][421]Lightmass on DESKTOP-AS4V5HP: 1.78 sec total, 123 ms importing, 9 ms setup, 738 ms photons, 880 ms processing, 0 ms extra exporting [247/247 mappings]. Threads: 12.2 sec total, 3.80 sec processing.
[2018.05.14-23.20.28:513][421]LogStaticLightingSystem: Illumination: 7.41 sec (81 ms encoding lightmaps, 0 ms encoding shadowmaps)
[2018.05.14-23.20.28:513][421]LogStaticLightingSystem: Lightmap texture memory:  1.0 MB (0.5 MB streaming, 0.5 MB non-streaming), 6 textures
[2018.05.14-23.20.28:513][421]LogStaticLightingSystem: Shadowmap texture memory: 0.0 MB (0.0 MB streaming, 0.0 MB non-streaming), 0 textures
[2018.05.14-23.20.28:532][421]DumpUnbuiltLightIteractions
[2018.05.14-23.20.28:532][421]Lights with unbuilt interactions: 0
[2018.05.14-23.20.28:532][421]
[2018.05.14-23.20.28:532][421]Primitives with unbuilt interactions: 0
[2018.05.14-23.20.28:596][422]Cmd: MAP CHECK NOTIFYRESULTS
[2018.05.14-23.20.28:596][422]MapCheck: New page: TwitchMap - May 14, 2018, 3:20:28 PM
[2018.05.14-23.20.28:661][422]MapCheck: Info Map check complete: 0 Error(s), 0 Warning(s), took 64.926ms to complete.
[2018.05.14-23.20.30:794][586]LogEditorActor: Deleted Actor: BoxReflectionCapture
[2018.05.14-23.20.30:807][586]LogEditorActor: Deleted Actor: BoxReflectionCapture
[2018.05.14-23.20.30:807][586]LogEditorActor: Deleted Actor: BoxReflectionCapture
[2018.05.14-23.20.30:816][586]LogEditorActor: Deleted 3 Actors (0.030 secs)
[2018.05.14-23.20.32:176][735]MapCheck: New page: Map Check
[2018.05.14-23.20.32:211][735]Cmd: MAP REBUILD ALLVISIBLE
[2018.05.14-23.20.32:211][735]LogEditorServer: Rebuildmap Clear paths rebuilt
[2018.05.14-23.20.32:392][735]LogMaterial: Missing cached shader map for material FDebugViewModeMaterialProxy WorldGridMaterial, compiling. Is special engine material.
[2018.05.14-23.20.32:394][735]LogTemp:Display: Added material ShaderMap 0x000001F9A7DB1980 with Material 0x000001F9975B1600 to ShaderMapsBeingCompiled
[2018.05.14-23.20.32:396][735]LogTemp:Display: Kicking off shader compilation for FDebugViewModeMaterialProxy WorldGridMaterial, GameThreadShaderMap 0x000001F9A7DB1980
[2018.05.14-23.20.32:398][735]LogMaterial: Missing cached shader map for material FDebugViewModeMaterialProxy DefaultMaterial, compiling. 
[2018.05.14-23.20.32:399][735]LogTemp:Display: Added material ShaderMap 0x000001F9A7DB1280 with Material 0x000001F9A69CD600 to ShaderMapsBeingCompiled
[2018.05.14-23.20.32:401][735]LogTemp:Display: Kicking off shader compilation for FDebugViewModeMaterialProxy DefaultMaterial, GameThreadShaderMap 0x000001F9A7DB1280
[2018.05.14-23.20.32:403][735]LogMaterial: Missing cached shader map for material FDebugViewModeMaterialProxy MaterialInstanceDynamic_2, compiling. 
[2018.05.14-23.20.32:405][735]LogTemp:Display: Added material ShaderMap 0x000001F9A7DB2080 with Material 0x000001F9A69CFA00 to ShaderMapsBeingCompiled
[2018.05.14-23.20.32:406][735]LogTemp:Display: Kicking off shader compilation for FDebugViewModeMaterialProxy MaterialInstanceDynamic_2, GameThreadShaderMap 0x000001F9A7DB2080
[2018.05.14-23.20.32:658][735]LogTemp:Display: Finished compile of shader map 0x000001F9A7DB1280
[2018.05.14-23.20.32:658][735]LogTemp:Display: Shader map FDebugViewModeMaterialProxy DefaultMaterial complete, GameThreadShaderMap 0x000001F9A7DB1280, marking material FDebugViewModeMaterialProxy DefaultMaterial as finished
[2018.05.14-23.20.32:658][735]LogTemp:Display: Marking material as finished 0x000001F9A69CD600
[2018.05.14-23.20.32:659][735]LogTemp:Display: Finished compile of shader map 0x000001F9A7DB1980
[2018.05.14-23.20.32:659][735]LogTemp:Display: Shader map FDebugViewModeMaterialProxy WorldGridMaterial complete, GameThreadShaderMap 0x000001F9A7DB1980, marking material FDebugViewModeMaterialProxy WorldGridMaterial as finished
[2018.05.14-23.20.32:659][735]LogTemp:Display: Marking material as finished 0x000001F9975B1600
[2018.05.14-23.20.32:688][735]LogTemp:Display: Finished compile of shader map 0x000001F9A7DB2080
[2018.05.14-23.20.32:688][735]LogTemp:Display: Shader map FDebugViewModeMaterialProxy MaterialInstanceDynamic_2 complete, GameThreadShaderMap 0x000001F9A7DB2080, marking material FDebugViewModeMaterialProxy MaterialInstanceDynamic_2 as finished
[2018.05.14-23.20.32:688][735]LogTemp:Display: Marking material as finished 0x000001F9A69CFA00
[2018.05.14-23.20.32:690][735]TextureStreamingBuild:Display: Compiling optional shaders took 0.301 seconds.
[2018.05.14-23.20.32:694][735]LogLevel:Display: Export Material TexCoord Scales took 0.004 seconds.
[2018.05.14-23.20.32:703][735]TextureStreamingBuild:Display: Build Texture Streaming took 0.008 seconds.
[2018.05.14-23.20.32:711][735]LightingResults: New page: Lighting Build - May 14, 2018, 3:20:32 PM
[2018.05.14-23.20.32:721][735]LogSwarmInterface: [OpenConnection] Registering TCP channel ...
[2018.05.14-23.20.32:728][735]LogSwarmInterface: [OpenConnection] Connecting to agent ...
[2018.05.14-23.20.32:728][735]LogSwarmInterface: [TryOpenConnection] Testing the Agent
[2018.05.14-23.20.32:728][735]LogSwarmInterface: [TryOpenConnection] Opening Connection to Agent
[2018.05.14-23.20.32:728][735]LogSwarmInterface: [TryOpenConnection] Local Process ID is 16800
[2018.05.14-23.20.37:246][735]LogStaticLightingSystem: Running Lightmass w/ ImmediateImport mode ENABLED
[2018.05.14-23.20.37:246][735]LogStaticLightingSystem: Running Lightmass w/ ImmediateProcess mode ENABLED
[2018.05.14-23.20.37:246][735]LogStaticLightingSystem: Running Lightmass w/ Sorting mode ENABLED
[2018.05.14-23.20.37:246][735]LogStaticLightingSystem: Running Lightmass w/ Mapping paddings ENABLED
[2018.05.14-23.20.37:246][735]LogStaticLightingSystem: Running Lightmass w/ Mapping debug paddings DISABLED
[2018.05.14-23.20.37:356][735]Cmd: MAP CHECK DONTDISPLAYDIALOG
[2018.05.14-23.20.37:356][735]MapCheck: New page: TwitchMap - May 14, 2018, 3:20:37 PM
[2018.05.14-23.20.37:422][735]MapCheck: Info Map check complete: 0 Error(s), 0 Warning(s), took 66.849ms to complete.
[2018.05.14-23.20.37:445][735]LogEditorBuildUtils: Build time 0:05
[2018.05.14-23.20.38:644][777]LogEditorActor: Deleted Actor: LightmassImportanceVolume
[2018.05.14-23.20.38:652][777]LogEditorActor: Deleted 1 Actors (0.009 secs)
[2018.05.14-23.20.39:538][828]Job is a success!
[2018.05.14-23.20.39:766][829]LogTexture:Display: Building textures: LQ_Lightmap_0_1 (DXT1, 512X512) - 86 MB total VRAM
[2018.05.14-23.20.39:766][829]LogTexture:Display: Building textures: HQ_Lightmap0_1 (AutoDXT, 512X512) - 86 MB total VRAM
[2018.05.14-23.20.39:766][829]LogTexture:Display: Building textures: HQ_Lightmap0_2 (AutoDXT, 512X512) - 86 MB total VRAM
[2018.05.14-23.20.39:766][829]LogTexture:Display: Building textures: HQ_Lightmap0_3 (AutoDXT, 64X64) - 86 MB total VRAM
[2018.05.14-23.20.39:766][829]LogTexture:Display: Building textures: LQ_Lightmap_0_3 (DXT1, 64X64) - 86 MB total VRAM
[2018.05.14-23.20.39:766][829]LogTexture:Display: Building textures: LQ_Lightmap_0_2 (DXT1, 512X512) - 86 MB total VRAM
[2018.05.14-23.20.39:789][829]Lightmass on DESKTOP-AS4V5HP: 1.72 sec total, 93 ms importing, 8 ms setup, 741 ms photons, 843 ms processing, 0 ms extra exporting [247/247 mappings]. Threads: 11.6 sec total, 4.03 sec processing.
[2018.05.14-23.20.39:831][829]LogStaticLightingSystem: Illumination: 7.07 sec (71 ms encoding lightmaps, 0 ms encoding shadowmaps)
[2018.05.14-23.20.39:831][829]LogStaticLightingSystem: Lightmap texture memory:  1.0 MB (0.5 MB streaming, 0.5 MB non-streaming), 6 textures
[2018.05.14-23.20.39:831][829]LogStaticLightingSystem: Shadowmap texture memory: 0.0 MB (0.0 MB streaming, 0.0 MB non-streaming), 0 textures
[2018.05.14-23.20.40:252][829]DumpUnbuiltLightIteractions
[2018.05.14-23.20.40:252][829]Lights with unbuilt interactions: 0
[2018.05.14-23.20.40:252][829]
[2018.05.14-23.20.40:252][829]Primitives with unbuilt interactions: 0
[2018.05.14-23.20.40:264][830]Cmd: MAP CHECK NOTIFYRESULTS
[2018.05.14-23.20.40:264][830]MapCheck: New page: TwitchMap - May 14, 2018, 3:20:40 PM
[2018.05.14-23.20.40:324][830]MapCheck: Info Map check complete: 0 Error(s), 0 Warning(s), took 59.803ms to complete.
[2018.05.14-23.20.40:326][830]MapCheck: New page: Map Check
[2018.05.14-23.20.40:363][830]Cmd: MAP REBUILD ALLVISIBLE
[2018.05.14-23.20.40:363][830]LogEditorServer: Rebuildmap Clear paths rebuilt
[2018.05.14-23.20.40:652][830]LogMaterial: Missing cached shader map for material FDebugViewModeMaterialProxy WorldGridMaterial, compiling. Is special engine material.
[2018.05.14-23.20.40:654][830]LogTemp:Display: Added material ShaderMap 0x000001F9CC551280 with Material 0x000001F9A69CE800 to ShaderMapsBeingCompiled
[2018.05.14-23.20.40:656][830]LogTemp:Display: Kicking off shader compilation for FDebugViewModeMaterialProxy WorldGridMaterial, GameThreadShaderMap 0x000001F9CC551280
[2018.05.14-23.20.40:659][830]LogMaterial: Missing cached shader map for material FDebugViewModeMaterialProxy DefaultMaterial, compiling. 
[2018.05.14-23.20.40:660][830]LogTemp:Display: Added material ShaderMap 0x000001F9CC550F00 with Material 0x000001F9A69CFA00 to ShaderMapsBeingCompiled
[2018.05.14-23.20.40:662][830]LogTemp:Display: Kicking off shader compilation for FDebugViewModeMaterialProxy DefaultMaterial, GameThreadShaderMap 0x000001F9CC550F00
[2018.05.14-23.20.40:664][830]LogMaterial: Missing cached shader map for material FDebugViewModeMaterialProxy MaterialInstanceDynamic_3, compiling. 
[2018.05.14-23.20.40:666][830]LogTemp:Display: Added material ShaderMap 0x000001F9CC551D00 with Material 0x000001F9A69CF100 to ShaderMapsBeingCompiled
[2018.05.14-23.20.40:668][830]LogTemp:Display: Kicking off shader compilation for FDebugViewModeMaterialProxy MaterialInstanceDynamic_3, GameThreadShaderMap 0x000001F9CC551D00
[2018.05.14-23.20.40:901][830]LogTemp:Display: Finished compile of shader map 0x000001F9CC551280
[2018.05.14-23.20.40:901][830]LogTemp:Display: Shader map FDebugViewModeMaterialProxy WorldGridMaterial complete, GameThreadShaderMap 0x000001F9CC551280, marking material FDebugViewModeMaterialProxy WorldGridMaterial as finished
[2018.05.14-23.20.40:901][830]LogTemp:Display: Marking material as finished 0x000001F9A69CE800
[2018.05.14-23.20.40:922][830]LogTemp:Display: Finished compile of shader map 0x000001F9CC550F00
[2018.05.14-23.20.40:922][830]LogTemp:Display: Shader map FDebugViewModeMaterialProxy DefaultMaterial complete, GameThreadShaderMap 0x000001F9CC550F00, marking material FDebugViewModeMaterialProxy DefaultMaterial as finished
[2018.05.14-23.20.40:922][830]LogTemp:Display: Marking material as finished 0x000001F9A69CFA00
[2018.05.14-23.20.40:937][830]LogTemp:Display: Finished compile of shader map 0x000001F9CC551D00
[2018.05.14-23.20.40:937][830]LogTemp:Display: Shader map FDebugViewModeMaterialProxy MaterialInstanceDynamic_3 complete, GameThreadShaderMap 0x000001F9CC551D00, marking material FDebugViewModeMaterialProxy MaterialInstanceDynamic_3 as finished
[2018.05.14-23.20.40:937][830]LogTemp:Display: Marking material as finished 0x000001F9A69CF100
[2018.05.14-23.20.40:940][830]TextureStreamingBuild:Display: Compiling optional shaders took 0.291 seconds.
[2018.05.14-23.20.40:950][830]LogLevel:Display: Export Material TexCoord Scales took 0.010 seconds.
[2018.05.14-23.20.41:069][830]TextureStreamingBuild:Display: Build Texture Streaming took 0.117 seconds.
[2018.05.14-23.20.41:079][830]LightingResults: New page: Lighting Build - May 14, 2018, 3:20:41 PM
[2018.05.14-23.20.41:094][830]LogSwarmInterface: [OpenConnection] Registering TCP channel ...
[2018.05.14-23.20.41:099][830]LogSwarmInterface: [OpenConnection] Connecting to agent ...
[2018.05.14-23.20.41:099][830]LogSwarmInterface: [TryOpenConnection] Testing the Agent
[2018.05.14-23.20.41:099][830]LogSwarmInterface: [TryOpenConnection] Opening Connection to Agent
[2018.05.14-23.20.41:099][830]LogSwarmInterface: [TryOpenConnection] Local Process ID is 16800
[2018.05.14-23.20.45:608][830]LogStaticLightingSystem:Warning: No importance volume found, so the scene bounding box was used.  You can optimize your scene's quality and lighting build times by adding importance volumes.
[2018.05.14-23.20.45:608][830]LogStaticLightingSystem: Running Lightmass w/ ImmediateImport mode ENABLED
[2018.05.14-23.20.45:608][830]LogStaticLightingSystem: Running Lightmass w/ ImmediateProcess mode ENABLED
[2018.05.14-23.20.45:608][830]LogStaticLightingSystem: Running Lightmass w/ Sorting mode ENABLED
[2018.05.14-23.20.45:608][830]LogStaticLightingSystem: Running Lightmass w/ Mapping paddings ENABLED
[2018.05.14-23.20.45:608][830]LogStaticLightingSystem: Running Lightmass w/ Mapping debug paddings DISABLED
[2018.05.14-23.20.45:715][830]Cmd: MAP CHECK DONTDISPLAYDIALOG
[2018.05.14-23.20.45:716][830]MapCheck: New page: TwitchMap - May 14, 2018, 3:20:45 PM
[2018.05.14-23.20.45:775][830]MapCheck: Info Map check complete: 0 Error(s), 0 Warning(s), took 59.282ms to complete.
[2018.05.14-23.20.45:798][830]LogEditorBuildUtils: Build time 0:05
[2018.05.14-23.20.47:952][972]Job is a success!
[2018.05.14-23.20.48:175][973]LogTexture:Display: Building textures: HQ_Lightmap1_1 (AutoDXT, 512X512) - 86 MB total VRAM
[2018.05.14-23.20.48:175][973]LogTexture:Display: Building textures: LQ_Lightmap_1_1 (DXT1, 512X512) - 86 MB total VRAM
[2018.05.14-23.20.48:175][973]LogTexture:Display: Building textures: HQ_Lightmap1_2 (AutoDXT, 512X512) - 86 MB total VRAM
[2018.05.14-23.20.48:175][973]LogTexture:Display: Building textures: LQ_Lightmap_1_2 (DXT1, 512X512) - 86 MB total VRAM
[2018.05.14-23.20.48:175][973]LogTexture:Display: Building textures: LQ_Lightmap_1_3 (DXT1, 64X64) - 86 MB total VRAM
[2018.05.14-23.20.48:175][973]LogTexture:Display: Building textures: HQ_Lightmap1_3 (AutoDXT, 64X64) - 86 MB total VRAM
[2018.05.14-23.20.48:196][973]Lightmass on DESKTOP-AS4V5HP: 1.71 sec total, 98 ms importing, 8 ms setup, 737 ms photons, 827 ms processing, 0 ms extra exporting [247/247 mappings]. Threads: 11.4 sec total, 4.08 sec processing.
[2018.05.14-23.20.48:237][973]LogStaticLightingSystem: Illumination: 7.11 sec (68 ms encoding lightmaps, 0 ms encoding shadowmaps)
[2018.05.14-23.20.48:237][973]LogStaticLightingSystem: Lightmap texture memory:  1.0 MB (0.5 MB streaming, 0.5 MB non-streaming), 6 textures
[2018.05.14-23.20.48:237][973]LogStaticLightingSystem: Shadowmap texture memory: 0.0 MB (0.0 MB streaming, 0.0 MB non-streaming), 0 textures
[2018.05.14-23.20.48:615][973]DumpUnbuiltLightIteractions
[2018.05.14-23.20.48:615][973]Lights with unbuilt interactions: 0
[2018.05.14-23.20.48:615][973]
[2018.05.14-23.20.48:615][973]Primitives with unbuilt interactions: 0
[2018.05.14-23.20.48:626][974]Cmd: MAP CHECK NOTIFYRESULTS
[2018.05.14-23.20.48:627][974]MapCheck: New page: TwitchMap - May 14, 2018, 3:20:48 PM
[2018.05.14-23.20.48:690][974]MapCheck: Info Map check complete: 0 Error(s), 0 Warning(s), took 63.955ms to complete.
[2018.05.14-23.20.57:529][ 13]CustomMapToolsLog: Synced item
[2018.05.14-23.20.59:677][270]CustomMapToolsLog: MapURL = /Game/CustomMaps/UGC1386062767/TwitchMap
[2018.05.14-23.20.59:677][270]CustomMapToolsLog: Cook command: "C:/Users/Kaizien/Documents/Unreal Projects/UnrealEngine-PavlovVRWorkshop/Pavlov.uproject"  -run=cook -targetplatform=WindowsNoEditor+LinuxServer -UnVersioned -map=/Game/CustomMaps/UGC1386062767/TwitchMap
[2018.05.14-23.21.22:393][ 62]CustomMapToolsLog: Adding to paklist definition.uasset
[2018.05.14-23.21.22:393][ 62]CustomMapToolsLog: Adding to paklist SM_Template_Map_Floor.uasset
[2018.05.14-23.21.22:393][ 62]CustomMapToolsLog: Adding to paklist TwitchMap.umap
[2018.05.14-23.21.22:393][ 62]CustomMapToolsLog: Adding to paklist TwitchMap_BuiltData.uasset
[2018.05.14-23.21.23:058][ 64]CustomMapToolsLog:Error: Pak command returned non-zero value: 1 
LogPakFile:Display: Loading response file C:/Users/Kaizien/Documents/Unreal Projects/UnrealEngine-PavlovVRWorkshop/Saved/custommap_paklist.txt
LogPakFile:Display: Added 4 entries to add to pak file.
LogPakFile:Display: Collecting files to add to pak file...
LogPakFile:Display: Collected 4 files in 0.00s.
LogPakFile:Error: Unable to create pak file "D:\SteamLibrary\steamapps\common\PavlovVR/Pavlov/Content/Paks/Pavlov-WindowsNoEditor_P.pak".
 
[2018.05.14-23.21.50:844][262]LogAudio:Warning: Current Audio Device with ID {0.0.0.00000000}.{dfebb63e-8a56-43ce-878f-0480d48ca33a} was removed. Shutting down audio device.
[2018.05.14-23.22.01:683][500]LogSavePackage: Save=124.75ms
[2018.05.14-23.22.01:683][500]LogSavePackage: Moving 'C:/Users/Kaizien/Documents/Unreal Projects/UnrealEngine-PavlovVRWorkshop/Saved/TwitchMapFE07C37B4FD693C4D7329D8FC9CA96B9.tmp' to 'C:/Users/Kaizien/Documents/Unreal Projects/UnrealEngine-PavlovVRWorkshop/Content/CustomMaps/UGC1386062767/TwitchMap.umap'
[2018.05.14-23.22.01:690][500]LogSavePackage:Display: Finished SavePackage C:/Users/Kaizien/Documents/Unreal Projects/UnrealEngine-PavlovVRWorkshop/Content/CustomMaps/UGC1386062767/TwitchMap.umap
[2018.05.14-23.22.01:717][500]LogFileHelpers: Saving map 'TwitchMap' took 0.232
[2018.05.14-23.22.01:802][500]LogSavePackage: Save=38.47ms
[2018.05.14-23.22.01:802][500]LogSavePackage: Moving 'C:/Users/Kaizien/Documents/Unreal Projects/UnrealEngine-PavlovVRWorkshop/Saved/TwitchMap_BuiltDataA0136BDD400261D134EA5783C56DB6CB.tmp' to 'C:/Users/Kaizien/Documents/Unreal Projects/UnrealEngine-PavlovVRWorkshop/Content/CustomMaps/UGC1386062767/TwitchMap_BuiltData.uasset'
[2018.05.14-23.22.01:805][500]LogSavePackage:Display: Finished SavePackage C:/Users/Kaizien/Documents/Unreal Projects/UnrealEngine-PavlovVRWorkshop/Content/CustomMaps/UGC1386062767/TwitchMap_BuiltData.uasset
[2018.05.14-23.22.04:810][673]MapCheck: New page: Map Check
[2018.05.14-23.22.04:888][673]Cmd: MAP REBUILD ALLVISIBLE
[2018.05.14-23.22.04:888][673]LogEditorServer: Rebuildmap Clear paths rebuilt
[2018.05.14-23.22.05:130][673]LogMaterial: Missing cached shader map for material FDebugViewModeMaterialProxy WorldGridMaterial, compiling. Is special engine material.
[2018.05.14-23.22.05:131][673]LogTemp:Display: Added material ShaderMap 0x000001F9E7CEB580 with Material 0x000001F9DBE22B00 to ShaderMapsBeingCompiled
[2018.05.14-23.22.05:133][673]LogTemp:Display: Kicking off shader compilation for FDebugViewModeMaterialProxy WorldGridMaterial, GameThreadShaderMap 0x000001F9E7CEB580
[2018.05.14-23.22.05:135][673]LogMaterial: Missing cached shader map for material FDebugViewModeMaterialProxy DefaultMaterial, compiling. 
[2018.05.14-23.22.05:137][673]LogTemp:Display: Added material ShaderMap 0x000001F9E7CEAE80 with Material 0x000001F9A7194100 to ShaderMapsBeingCompiled
[2018.05.14-23.22.05:138][673]LogTemp:Display: Kicking off shader compilation for FDebugViewModeMaterialProxy DefaultMaterial, GameThreadShaderMap 0x000001F9E7CEAE80
[2018.05.14-23.22.05:140][673]LogMaterial: Missing cached shader map for material FDebugViewModeMaterialProxy MaterialInstanceDynamic_4, compiling. 
[2018.05.14-23.22.05:141][673]LogTemp:Display: Added material ShaderMap 0x000001F9E7CEAB00 with Material 0x000001F9A7197400 to ShaderMapsBeingCompiled
[2018.05.14-23.22.05:143][673]LogTemp:Display: Kicking off shader compilation for FDebugViewModeMaterialProxy MaterialInstanceDynamic_4, GameThreadShaderMap 0x000001F9E7CEAB00
[2018.05.14-23.22.05:711][673]LogTemp:Display: Finished compile of shader map 0x000001F9E7CEB580
[2018.05.14-23.22.05:711][673]LogTemp:Display: Shader map FDebugViewModeMaterialProxy WorldGridMaterial complete, GameThreadShaderMap 0x000001F9E7CEB580, marking material FDebugViewModeMaterialProxy WorldGridMaterial as finished
[2018.05.14-23.22.05:711][673]LogTemp:Display: Marking material as finished 0x000001F9DBE22B00
[2018.05.14-23.22.05:718][673]LogTemp:Display: Finished compile of shader map 0x000001F9E7CEAB00
[2018.05.14-23.22.05:718][673]LogTemp:Display: Shader map FDebugViewModeMaterialProxy MaterialInstanceDynamic_4 complete, GameThreadShaderMap 0x000001F9E7CEAB00, marking material FDebugViewModeMaterialProxy MaterialInstanceDynamic_4 as finished
[2018.05.14-23.22.05:718][673]LogTemp:Display: Marking material as finished 0x000001F9A7197400
[2018.05.14-23.22.05:719][673]LogTemp:Display: Finished compile of shader map 0x000001F9E7CEAE80
[2018.05.14-23.22.05:719][673]LogTemp:Display: Shader map FDebugViewModeMaterialProxy DefaultMaterial complete, GameThreadShaderMap 0x000001F9E7CEAE80, marking material FDebugViewModeMaterialProxy DefaultMaterial as finished
[2018.05.14-23.22.05:719][673]LogTemp:Display: Marking material as finished 0x000001F9A7194100
[2018.05.14-23.22.05:720][673]TextureStreamingBuild:Display: Compiling optional shaders took 0.594 seconds.
[2018.05.14-23.22.05:723][673]LogLevel:Display: Export Material TexCoord Scales took 0.003 seconds.
[2018.05.14-23.22.05:731][673]TextureStreamingBuild:Display: Build Texture Streaming took 0.007 seconds.
[2018.05.14-23.22.05:739][673]LightingResults: New page: Lighting Build - May 14, 2018, 3:22:05 PM
[2018.05.14-23.22.05:749][673]LogSwarmInterface: [OpenConnection] Registering TCP channel ...
[2018.05.14-23.22.05:754][673]LogSwarmInterface: [OpenConnection] Connecting to agent ...
[2018.05.14-23.22.05:754][673]LogSwarmInterface: [TryOpenConnection] Testing the Agent
[2018.05.14-23.22.05:755][673]LogSwarmInterface: [TryOpenConnection] Opening Connection to Agent
[2018.05.14-23.22.05:755][673]LogSwarmInterface: [TryOpenConnection] Local Process ID is 16800
[2018.05.14-23.22.10:263][673]LogStaticLightingSystem:Warning: No importance volume found, so the scene bounding box was used.  You can optimize your scene's quality and lighting build times by adding importance volumes.
[2018.05.14-23.22.10:263][673]LogStaticLightingSystem: Running Lightmass w/ ImmediateImport mode ENABLED
[2018.05.14-23.22.10:263][673]LogStaticLightingSystem: Running Lightmass w/ ImmediateProcess mode ENABLED
[2018.05.14-23.22.10:263][673]LogStaticLightingSystem: Running Lightmass w/ Sorting mode ENABLED
[2018.05.14-23.22.10:263][673]LogStaticLightingSystem: Running Lightmass w/ Mapping paddings ENABLED
[2018.05.14-23.22.10:263][673]LogStaticLightingSystem: Running Lightmass w/ Mapping debug paddings DISABLED
[2018.05.14-23.22.10:386][673]Cmd: MAP CHECK DONTDISPLAYDIALOG
[2018.05.14-23.22.10:387][673]MapCheck: New page: TwitchMap - May 14, 2018, 3:22:10 PM
[2018.05.14-23.22.10:445][673]MapCheck: Info Map check complete: 0 Error(s), 0 Warning(s), took 57.771ms to complete.
[2018.05.14-23.22.10:467][673]LogEditorBuildUtils: Build time 0:05
[2018.05.14-23.22.12:520][750]Job is a success!
[2018.05.14-23.22.12:785][751]LogTexture:Display: Building textures: HQ_Lightmap0_1 (AutoDXT, 512X512) - 86 MB total VRAM
[2018.05.14-23.22.12:785][751]LogTexture:Display: Building textures: LQ_Lightmap_0_1 (DXT1, 512X512) - 86 MB total VRAM
[2018.05.14-23.22.12:785][751]LogTexture:Display: Building textures: HQ_Lightmap0_2 (AutoDXT, 512X512) - 86 MB total VRAM
[2018.05.14-23.22.12:785][751]LogTexture:Display: Building textures: HQ_Lightmap0_3 (AutoDXT, 64X64) - 86 MB total VRAM
[2018.05.14-23.22.12:785][751]LogTexture:Display: Building textures: LQ_Lightmap_0_3 (DXT1, 64X64) - 86 MB total VRAM
[2018.05.14-23.22.12:785][751]LogTexture:Display: Building textures: LQ_Lightmap_0_2 (DXT1, 512X512) - 86 MB total VRAM
[2018.05.14-23.22.12:835][751]Lightmass on DESKTOP-AS4V5HP: 1.71 sec total, 86 ms importing, 7 ms setup, 751 ms photons, 823 ms processing, 0 ms extra exporting [247/247 mappings]. Threads: 11.3 sec total, 2.99 sec processing.
[2018.05.14-23.22.12:897][751]LogStaticLightingSystem: Illumination: 7.11 sec (67 ms encoding lightmaps, 0 ms encoding shadowmaps)
[2018.05.14-23.22.12:897][751]LogStaticLightingSystem: Lightmap texture memory:  1.0 MB (0.5 MB streaming, 0.5 MB non-streaming), 6 textures
[2018.05.14-23.22.12:897][751]LogStaticLightingSystem: Shadowmap texture memory: 0.0 MB (0.0 MB streaming, 0.0 MB non-streaming), 0 textures
[2018.05.14-23.22.13:296][751]DumpUnbuiltLightIteractions
[2018.05.14-23.22.13:296][751]Lights with unbuilt interactions: 0
[2018.05.14-23.22.13:296][751]
[2018.05.14-23.22.13:296][751]Primitives with unbuilt interactions: 0
[2018.05.14-23.22.13:314][752]Cmd: MAP CHECK NOTIFYRESULTS
[2018.05.14-23.22.13:314][752]MapCheck: New page: TwitchMap - May 14, 2018, 3:22:13 PM
[2018.05.14-23.22.13:372][752]MapCheck: Info Map check complete: 0 Error(s), 0 Warning(s), took 58.469ms to complete.
[2018.05.14-23.22.18:102][933]LogSavePackage: Save=122.08ms
[2018.05.14-23.22.18:102][933]LogSavePackage: Moving 'C:/Users/Kaizien/Documents/Unreal Projects/UnrealEngine-PavlovVRWorkshop/Saved/TwitchMap1BC9FDEA4F15BF92D5A95080AD1C94F6.tmp' to 'C:/Users/Kaizien/Documents/Unreal Projects/UnrealEngine-PavlovVRWorkshop/Content/CustomMaps/UGC1386062767/TwitchMap.umap'
[2018.05.14-23.22.18:106][933]LogSavePackage:Display: Finished SavePackage C:/Users/Kaizien/Documents/Unreal Projects/UnrealEngine-PavlovVRWorkshop/Content/CustomMaps/UGC1386062767/TwitchMap.umap
[2018.05.14-23.22.18:178][933]LogSavePackage: Save=37.49ms
[2018.05.14-23.22.18:178][933]LogSavePackage: Moving 'C:/Users/Kaizien/Documents/Unreal Projects/UnrealEngine-PavlovVRWorkshop/Saved/TwitchMap_BuiltData173897FD41EF815F85AFBB8AAD6A1B88.tmp' to 'C:/Users/Kaizien/Documents/Unreal Projects/UnrealEngine-PavlovVRWorkshop/Content/CustomMaps/UGC1386062767/TwitchMap_BuiltData.uasset'
[2018.05.14-23.22.18:181][933]LogSavePackage:Display: Finished SavePackage C:/Users/Kaizien/Documents/Unreal Projects/UnrealEngine-PavlovVRWorkshop/Content/CustomMaps/UGC1386062767/TwitchMap_BuiltData.uasset
[2018.05.14-23.22.24:574][341]CustomMapToolsLog: MapURL = /Game/CustomMaps/UGC1386062767/TwitchMap
[2018.05.14-23.22.24:574][341]CustomMapToolsLog: Cook command: "C:/Users/Kaizien/Documents/Unreal Projects/UnrealEngine-PavlovVRWorkshop/Pavlov.uproject"  -run=cook -targetplatform=WindowsNoEditor+LinuxServer -UnVersioned -map=/Game/CustomMaps/UGC1386062767/TwitchMap
[2018.05.14-23.22.48:644][376]CustomMapToolsLog: Adding to paklist definition.uasset
[2018.05.14-23.22.48:644][376]CustomMapToolsLog: Adding to paklist SM_Template_Map_Floor.uasset
[2018.05.14-23.22.48:644][376]CustomMapToolsLog: Adding to paklist TwitchMap.umap
[2018.05.14-23.22.48:644][376]CustomMapToolsLog: Adding to paklist TwitchMap_BuiltData.uasset
[2018.05.14-23.22.49:310][378]CustomMapToolsLog:Error: Pak command returned non-zero value: 1 
LogPakFile:Display: Loading response file C:/Users/Kaizien/Documents/Unreal Projects/UnrealEngine-PavlovVRWorkshop/Saved/custommap_paklist.txt
LogPakFile:Display: Added 4 entries to add to pak file.
LogPakFile:Display: Collecting files to add to pak file...
LogPakFile:Display: Collected 4 files in 0.00s.
LogPakFile:Error: Unable to create pak file "D:\SteamLibrary\steamapps\common\PavlovVR/Pavlov/Content/Paks/Pavlov-WindowsNoEditor_P.pak".
 
[2018.05.14-23.22.56:931][538]LogWindowsTextInputMethodSystem:Display: IME system now deactivated.
[2018.05.14-23.22.57:151][539]Cmd: QUIT_EDITOR
[2018.05.14-23.22.57:213][539]LogExit: Preparing to exit.
[2018.05.14-23.22.57:987][539]LogExit: Editor shut down
[2018.05.14-23.22.57:988][539]LogExit: Transaction tracking system shut down
[2018.05.14-23.22.58:042][539]LogObj: Freed 0b from 0 cluster array pools.
[2018.05.14-23.22.58:042][539]LogExit: Object subsystem successfully closed.
[2018.05.14-23.22.58:060][539]LogD3D11RHI: Shutdown
[2018.05.14-23.22.58:060][539]LogD3D11RHI: CleanupD3DDevice
[2018.05.14-23.22.58:203][539]LogD3D11RHI: ~FD3D11DynamicRHI
[2018.05.14-23.22.58:212][539]LogModuleManager: Shutting down and abandoning module HierarchicalLODUtilities (506)
[2018.05.14-23.22.58:212][539]LogModuleManager: Shutting down and abandoning module ExternalImagePicker (504)
[2018.05.14-23.22.58:212][539]LogModuleManager: Shutting down and abandoning module HierarchicalLODOutliner (502)
[2018.05.14-23.22.58:212][539]LogModuleManager: Shutting down and abandoning module CrashTracker (500)
[2018.05.14-23.22.58:212][539]LogModuleManager: Shutting down and abandoning module SceneOutliner (498)
[2018.05.14-23.22.58:212][539]LogModuleManager: Shutting down and abandoning module AddContentDialog (496)
[2018.05.14-23.22.58:212][539]LogDirectoryWatcher: A directory notification for 'E:/Epic/UE_4.15/FeaturePacks/' was aborted.
[2018.05.14-23.22.58:214][539]LogModuleManager: Shutting down and abandoning module WidgetCarousel (495)
[2018.05.14-23.22.58:214][539]LogModuleManager: Shutting down and abandoning module EditorWidgets (492)
[2018.05.14-23.22.58:214][539]LogModuleManager: Shutting down and abandoning module CollectionManager (490)
[2018.05.14-23.22.58:214][539]LogDirectoryWatcher: A directory notification for 'C:/Users/Kaizien/Documents/Unreal Projects/UnrealEngine-PavlovVRWorkshop/Content/Collections/' was aborted.
[2018.05.14-23.22.58:214][539]LogDirectoryWatcher: A directory notification for 'C:/Users/Kaizien/Documents/Unreal Projects/UnrealEngine-PavlovVRWorkshop/Content/Developers/Kaizien/Collections/' was aborted.
[2018.05.14-23.22.58:214][539]LogDirectoryWatcher: A directory notification for 'C:/Users/Kaizien/Documents/Unreal Projects/UnrealEngine-PavlovVRWorkshop/Saved/Collections/' was aborted.
[2018.05.14-23.22.58:214][539]LogModuleManager: Shutting down and abandoning module StatsViewer (488)
[2018.05.14-23.22.58:214][539]LogModuleManager: Shutting down and abandoning module FoliageEdit (486)
[2018.05.14-23.22.58:214][539]LogModuleManager: Shutting down and abandoning module LandscapeEditor (484)
[2018.05.14-23.22.58:214][539]LogModuleManager: Shutting down and abandoning module SceneDepthPickerMode (482)
[2018.05.14-23.22.58:214][539]LogModuleManager: Shutting down and abandoning module ActorPickerMode (480)
[2018.05.14-23.22.58:214][539]LogModuleManager: Shutting down and abandoning module GeometryMode (478)
[2018.05.14-23.22.58:214][539]LogModuleManager: Shutting down and abandoning module TextureAlignMode (476)
[2018.05.14-23.22.58:214][539]LogModuleManager: Shutting down and abandoning module BspMode (474)
[2018.05.14-23.22.58:214][539]LogModuleManager: Shutting down and abandoning module HardwareSurvey (472)
[2018.05.14-23.22.58:214][539]LogModuleManager: Shutting down and abandoning module SequenceRecorderSections (470)
[2018.05.14-23.22.58:214][539]LogModuleManager: Shutting down and abandoning module AutomationWorker (468)
[2018.05.14-23.22.58:214][539]LogModuleManager: Shutting down and abandoning module CustomMapTools (466)
[2018.05.14-23.22.58:215][539]LogModuleManager: Shutting down and abandoning module MatineeToLevelSequence (464)
[2018.05.14-23.22.58:215][539]LogModuleManager: Shutting down and abandoning module LevelSequenceEditor (462)
[2018.05.14-23.22.58:215][539]LogModuleManager: Shutting down and abandoning module PlacementMode (461)
[2018.05.14-23.22.58:215][539]LogModuleManager: Shutting down and abandoning module WmfMediaFactory (458)
[2018.05.14-23.22.58:215][539]LogModuleManager: Shutting down and abandoning module WmfMediaEditor (456)
[2018.05.14-23.22.58:215][539]LogModuleManager: Shutting down and abandoning module MfMediaFactory (454)
[2018.05.14-23.22.58:215][539]LogModuleManager: Shutting down and abandoning module MfMediaEditor (452)
[2018.05.14-23.22.58:215][539]LogModuleManager: Shutting down and abandoning module AvfMediaFactory (450)
[2018.05.14-23.22.58:215][539]LogModuleManager: Shutting down and abandoning module AvfMediaEditor (448)
[2018.05.14-23.22.58:215][539]LogModuleManager: Shutting down and abandoning module AndroidMediaFactory (446)
[2018.05.14-23.22.58:215][539]LogModuleManager: Shutting down and abandoning module Media (445)
[2018.05.14-23.22.58:215][539]LogModuleManager: Shutting down and abandoning module AndroidMediaEditor (442)
[2018.05.14-23.22.58:215][539]LogModuleManager: Shutting down and abandoning module CharacterAI (440)
[2018.05.14-23.22.58:215][539]LogModuleManager: Shutting down and abandoning module AudioCapture (438)
[2018.05.14-23.22.58:215][539]LogModuleManager: Shutting down and abandoning module SequenceRecorder (437)
[2018.05.14-23.22.58:215][539]LogModuleManager: Shutting down and abandoning module SmartSnapping (434)
[2018.05.14-23.22.58:215][539]LogModuleManager: Shutting down and abandoning module SessionServices (432)
[2018.05.14-23.22.58:215][539]LogModuleManager: Shutting down and abandoning module ViewportSnapping (430)
[2018.05.14-23.22.58:215][539]LogModuleManager: Shutting down and abandoning module ViewportInteraction (428)
[2018.05.14-23.22.58:215][539]LogModuleManager: Shutting down and abandoning module LogVisualizer (426)
[2018.05.14-23.22.58:215][539]LogModuleManager: Shutting down and abandoning module IntroTutorials (424)
[2018.05.14-23.22.58:215][539]LogModuleManager: Shutting down and abandoning module GameProjectGeneration (423)
[2018.05.14-23.22.58:215][539]LogModuleManager: Shutting down and abandoning module EditorLiveStreaming (420)
[2018.05.14-23.22.58:215][539]LogModuleManager: Shutting down and abandoning module IOSPlatformEditor (418)
[2018.05.14-23.22.58:215][539]LogModuleManager: Shutting down and abandoning module HTML5PlatformEditor (416)
[2018.05.14-23.22.58:215][539]LogModuleManager: Shutting down and abandoning module AndroidPlatformEditor (414)
[2018.05.14-23.22.58:215][539]LogModuleManager: Shutting down and abandoning module AndroidDeviceDetection (413)
[2018.05.14-23.22.58:920][539]LogModuleManager: Shutting down and abandoning module IOSRuntimeSettings (410)
[2018.05.14-23.22.58:920][539]LogModuleManager: Shutting down and abandoning module AndroidRuntimeSettings (408)
[2018.05.14-23.22.58:920][539]LogModuleManager: Shutting down and abandoning module InputBindingEditor (406)
[2018.05.14-23.22.58:920][539]LogModuleManager: Shutting down and abandoning module NiagaraEditor (404)
[2018.05.14-23.22.58:920][539]LogModuleManager: Shutting down and abandoning module MergeActors (402)
[2018.05.14-23.22.58:920][539]LogModuleManager: Shutting down and abandoning module SizeMap (400)
[2018.05.14-23.22.58:920][539]LogModuleManager: Shutting down and abandoning module TreeMap (398)
[2018.05.14-23.22.58:920][539]LogModuleManager: Shutting down and abandoning module ReferenceViewer (396)
[2018.05.14-23.22.58:920][539]LogModuleManager: Shutting down and abandoning module LocalizationDashboard (394)
[2018.05.14-23.22.58:920][539]LogModuleManager: Shutting down and abandoning module LocalizationService (393)
[2018.05.14-23.22.58:920][539]LogModuleManager: Shutting down and abandoning module HardwareTargeting (390)
[2018.05.14-23.22.58:920][539]LogModuleManager: Shutting down and abandoning module DeviceProfileEditor (388)
[2018.05.14-23.22.58:920][539]LogModuleManager: Shutting down and abandoning module UndoHistory (386)
[2018.05.14-23.22.58:920][539]LogModuleManager: Shutting down and abandoning module UserFeedback (384)
[2018.05.14-23.22.58:920][539]LogModuleManager: Shutting down and abandoning module XmlParser (382)
[2018.05.14-23.22.58:920][539]LogModuleManager: Shutting down and abandoning module Blutility (380)
[2018.05.14-23.22.58:920][539]LogModuleManager: Shutting down and abandoning module ProjectSettingsViewer (378)
[2018.05.14-23.22.58:921][539]LogModuleManager: Shutting down and abandoning module ProjectTargetPlatformEditor (377)
[2018.05.14-23.22.58:921][539]LogModuleManager: Shutting down and abandoning module EditorSettingsViewer (374)
[2018.05.14-23.22.58:921][539]LogModuleManager: Shutting down and abandoning module SettingsEditor (372)
[2018.05.14-23.22.58:921][539]LogModuleManager: Shutting down and abandoning module ProjectLauncher (370)
[2018.05.14-23.22.58:921][539]LogModuleManager: Shutting down and abandoning module SessionFrontend (368)
[2018.05.14-23.22.58:921][539]LogModuleManager: Shutting down and abandoning module ProfilerClient (366)
[2018.05.14-23.22.58:921][539]LogModuleManager: Shutting down and abandoning module DeviceManager (364)
[2018.05.14-23.22.58:921][539]LogModuleManager: Shutting down and abandoning module TargetDeviceServices (363)
[2018.05.14-23.22.58:964][539]LogModuleManager: Shutting down and abandoning module AutomationController (360)
[2018.05.14-23.22.58:964][539]LogModuleManager: Shutting down and abandoning module AutomationWindow (358)
[2018.05.14-23.22.58:964][539]LogModuleManager: Shutting down and abandoning module Layers (356)
[2018.05.14-23.22.58:964][539]LogModuleManager: Shutting down and abandoning module ComponentVisualizers (354)
[2018.05.14-23.22.58:964][539]LogModuleManager: Shutting down and abandoning module DetailCustomizations (352)
[2018.05.14-23.22.58:964][539]LogModuleManager: Shutting down and abandoning module PackagesDialog (350)
[2018.05.14-23.22.58:964][539]LogModuleManager: Shutting down and abandoning module Persona (348)
[2018.05.14-23.22.58:964][539]LogModuleManager: Shutting down and abandoning module AnimGraph (347)
[2018.05.14-23.22.58:964][539]LogModuleManager: Shutting down and abandoning module Kismet (344)
[2018.05.14-23.22.58:964][539]LogModuleManager: Shutting down and abandoning module GraphEditor (342)
[2018.05.14-23.22.58:964][539]LogModuleManager: Shutting down and abandoning module ClassViewer (340)
[2018.05.14-23.22.58:964][539]LogModuleManager: Shutting down and abandoning module Toolbox (338)
[2018.05.14-23.22.58:964][539]LogModuleManager: Shutting down and abandoning module ModuleUI (336)
[2018.05.14-23.22.58:964][539]LogModuleManager: Shutting down and abandoning module MovieSceneTools (334)
[2018.05.14-23.22.58:964][539]LogModuleManager: Shutting down and abandoning module OutputLog (332)
[2018.05.14-23.22.58:964][539]LogModuleManager: Shutting down and abandoning module GammaUI (330)
[2018.05.14-23.22.58:964][539]LogModuleManager: Shutting down and abandoning module Documentation (328)
[2018.05.14-23.22.58:965][539]LogModuleManager: Shutting down and abandoning module Niagara (326)
[2018.05.14-23.22.58:965][539]LogModuleManager: Shutting down and abandoning module StreamingPauseRendering (324)
[2018.05.14-23.22.58:965][539]LogModuleManager: Shutting down and abandoning module AnalyticsET (322)
[2018.05.14-23.22.58:965][539]LogModuleManager: Shutting down and abandoning module PortalServices (320)
[2018.05.14-23.22.58:965][539]LogModuleManager: Shutting down and abandoning module PortalRpc (318)
[2018.05.14-23.22.58:965][539]LogModuleManager: Shutting down and abandoning module MessagingRpc (316)
[2018.05.14-23.22.58:965][539]LogModuleManager: Shutting down and abandoning module AIModule (314)
[2018.05.14-23.22.58:965][539]LogModuleManager: Shutting down and abandoning module GameplayDebugger (313)
[2018.05.14-23.22.58:965][539]LogModuleManager: Shutting down and abandoning module AITestSuite (311)
[2018.05.14-23.22.58:965][539]LogModuleManager: Shutting down and abandoning module ProfilerService (308)
[2018.05.14-23.22.59:014][539]LogModuleManager: Shutting down and abandoning module TaskGraph (306)
[2018.05.14-23.22.59:014][539]LogModuleManager: Shutting down and abandoning module PavlovProxy (304)
[2018.05.14-23.22.59:014][539]LogModuleManager: Shutting down and abandoning module SteamVRController (302)
[2018.05.14-23.22.59:014][539]LogModuleManager: Shutting down and abandoning module SteamVR (300)
[2018.05.14-23.22.59:014][539]LogModuleManager: Shutting down and abandoning module ProceduralMeshComponentEditor (298)
[2018.05.14-23.22.59:014][539]LogModuleManager: Shutting down and abandoning module ProceduralMeshComponent (296)
[2018.05.14-23.22.59:014][539]LogModuleManager: Shutting down and abandoning module OculusLibrary (294)
[2018.05.14-23.22.59:014][539]LogModuleManager: Shutting down and abandoning module OculusInput (292)
[2018.05.14-23.22.59:014][539]LogModuleManager: Shutting down and abandoning module MobilePatchingUtils (290)
[2018.05.14-23.22.59:014][539]LogModuleManager: Shutting down and abandoning module CustomMeshComponent (288)
[2018.05.14-23.22.59:014][539]LogModuleManager: Shutting down and abandoning module CableComponent (286)
[2018.05.14-23.22.59:014][539]LogModuleManager: Shutting down and abandoning module ArchVisCharacter (284)
[2018.05.14-23.22.59:014][539]LogModuleManager: Shutting down and abandoning module MediaPlayerEditor (280)
[2018.05.14-23.22.59:014][539]LogModuleManager: Shutting down and abandoning module HTML5Networking (278)
[2018.05.14-23.22.59:014][539]LogModuleManager: Shutting down and abandoning module AlembicImporter (276)
[2018.05.14-23.22.59:014][539]LogModuleManager: Shutting down and abandoning module AlembicLibrary (275)
[2018.05.14-23.22.59:015][539]LogModuleManager: Shutting down and abandoning module GeometryCache (274)
[2018.05.14-23.22.59:015][539]LogModuleManager: Shutting down and abandoning module GeometryCacheEd (273)
[2018.05.14-23.22.59:015][539]LogModuleManager: Shutting down and abandoning module SuperSearchEditor (268)
[2018.05.14-23.22.59:015][539]LogModuleManager: Shutting down and abandoning module SuperSearch (267)
[2018.05.14-23.22.59:015][539]LogModuleManager: Shutting down and abandoning module SpeedTreeImporter (264)
[2018.05.14-23.22.59:015][539]LogModuleManager: Shutting down and abandoning module PluginBrowser (262)
[2018.05.14-23.22.59:015][539]LogModuleManager: Shutting down and abandoning module MobileLauncherProfileWizard (260)
[2018.05.14-23.22.59:015][539]LogModuleManager: Shutting down and abandoning module EpicSurvey (258)
[2018.05.14-23.22.59:015][539]LogModuleManager: Shutting down and abandoning module VisualStudioSourceCodeAccess (256)
[2018.05.14-23.22.59:015][539]LogModuleManager: Shutting down and abandoning module DesktopPlatform (255)
[2018.05.14-23.22.59:015][539]LogModuleManager: Shutting down and abandoning module UObjectPlugin (252)
[2018.05.14-23.22.59:015][539]LogModuleManager: Shutting down and abandoning module SubversionSourceControl (250)
[2018.05.14-23.22.59:015][539]LogModuleManager: Shutting down and abandoning module PerforceSourceControl (248)
[2018.05.14-23.22.59:015][539]LogModuleManager: Shutting down and abandoning module GitSourceControl (246)
[2018.05.14-23.22.59:015][539]LogModuleManager: Shutting down and abandoning module SourceControl (245)
[2018.05.14-23.22.59:015][539]LogModuleManager: Shutting down and abandoning module LightPropagationVolumeEditor (242)
[2018.05.14-23.22.59:015][539]LogModuleManager: Shutting down and abandoning module PaperTiledImporter (240)
[2018.05.14-23.22.59:015][539]LogModuleManager: Shutting down and abandoning module PaperSpriteSheetImporter (238)
[2018.05.14-23.22.59:015][539]LogModuleManager: Shutting down and abandoning module Paper2DEditor (236)
[2018.05.14-23.22.59:015][539]LogModuleManager: Shutting down and abandoning module MeshPaint (235)
[2018.05.14-23.22.59:015][539]LogModuleManager: Shutting down and abandoning module LevelEditor (233)
[2018.05.14-23.22.59:016][539]LogModuleManager: Shutting down and abandoning module PixelInspectorModule (232)
[2018.05.14-23.22.59:016][539]LogModuleManager: Shutting down and abandoning module MainFrame (230)
[2018.05.14-23.22.59:016][539]LogModuleManager: Shutting down and abandoning module HotReload (229)
[2018.05.14-23.22.59:016][539]LogModuleManager: Shutting down and abandoning module ContentBrowser (225)
[2018.05.14-23.22.59:017][539]LogModuleManager: Shutting down and abandoning module PhysXVehiclesEditor (222)
[2018.05.14-23.22.59:017][539]LogModuleManager: Shutting down and abandoning module PhysXVehicles (220)
[2018.05.14-23.22.59:017][539]LogModuleManager: Shutting down and abandoning module LocationServicesBPLibrary (218)
[2018.05.14-23.22.59:017][539]LogModuleManager: Shutting down and abandoning module UdpMessaging (216)
[2018.05.14-23.22.59:117][539]LogModuleManager: Shutting down and abandoning module TcpMessaging (214)
[2018.05.14-23.22.59:218][539]LogModuleManager: Shutting down and abandoning module GameplayTagsEditor (212)
[2018.05.14-23.22.59:218][539]LogModuleManager: Shutting down and abandoning module FacialAnimationEditor (210)
[2018.05.14-23.22.59:218][539]LogModuleManager: Shutting down and abandoning module FacialAnimation (208)
[2018.05.14-23.22.59:218][539]LogModuleManager: Shutting down and abandoning module LightPropagationVolumeRuntime (206)
[2018.05.14-23.22.59:218][539]LogModuleManager: Shutting down and abandoning module Paper2D (204)
[2018.05.14-23.22.59:218][539]LogModuleManager: Shutting down and abandoning module WindowsMoviePlayer (202)
[2018.05.14-23.22.59:218][539]LogModuleManager: Shutting down and abandoning module WmfMedia (200)
[2018.05.14-23.22.59:220][539]LogModuleManager: Shutting down and abandoning module MfMedia (198)
[2018.05.14-23.22.59:220][539]LogModuleManager: Shutting down and abandoning module MediaAssets (196)
[2018.05.14-23.22.59:220][539]LogModuleManager: Shutting down and abandoning module GameLiveStreaming (194)
[2018.05.14-23.22.59:220][539]LogModuleManager: Shutting down and abandoning module VREditor (192)
[2018.05.14-23.22.59:220][539]LogModuleManager: Shutting down and abandoning module GameplayTasksEditor (190)
[2018.05.14-23.22.59:220][539]LogModuleManager: Shutting down and abandoning module BehaviorTreeEditor (188)
[2018.05.14-23.22.59:220][539]LogModuleManager: Shutting down and abandoning module FunctionalTesting (186)
[2018.05.14-23.22.59:220][539]LogModuleManager: Shutting down and abandoning module CollisionAnalyzer (184)
[2018.05.14-23.22.59:220][539]LogModuleManager: Shutting down and abandoning module UMG (182)
[2018.05.14-23.22.59:220][539]LogModuleManager: Shutting down and abandoning module UMGEditor (181)
[2018.05.14-23.22.59:220][539]LogModuleManager: Shutting down and abandoning module Sequencer (180)
[2018.05.14-23.22.59:220][539]LogModuleManager: Shutting down and abandoning module AssetTools (178)
[2018.05.14-23.22.59:220][539]LogModuleManager: Shutting down and abandoning module MessageLog (177)
[2018.05.14-23.22.59:220][539]LogModuleManager: Shutting down and abandoning module WorkspaceMenuStructure (176)
[2018.05.14-23.22.59:220][539]LogModuleManager: Shutting down and abandoning module SlateReflector (170)
[2018.05.14-23.22.59:220][539]LogModuleManager: Shutting down and abandoning module Slate (168)
[2018.05.14-23.22.59:220][539]LogModuleManager: Shutting down and abandoning module EditorStyle (166)
[2018.05.14-23.22.59:222][539]LogModuleManager: Shutting down and abandoning module SourceCodeAccess (164)
[2018.05.14-23.22.59:222][539]LogModuleManager: Shutting down and abandoning module HeadMountedDisplay (162)
[2018.05.14-23.22.59:222][539]LogModuleManager: Shutting down and abandoning module XAudio2 (160)
[2018.05.14-23.22.59:222][539]LogModuleManager: Shutting down and abandoning module Networking (158)
[2018.05.14-23.22.59:222][539]LogModuleManager: Shutting down and abandoning module Core (154)
[2018.05.14-23.22.59:222][539]LogModuleManager: Shutting down and abandoning module AssetRegistry (152)
[2018.05.14-23.22.59:361][539]LogDirectoryWatcher: A directory notification for '../../../Engine/Content/' was aborted.
[2018.05.14-23.22.59:361][539]LogDirectoryWatcher: A directory notification for 'C:/Users/Kaizien/Documents/Unreal Projects/UnrealEngine-PavlovVRWorkshop/Content/' was aborted.
[2018.05.14-23.22.59:361][539]LogDirectoryWatcher: A directory notification for '../../../Engine/Plugins/2D/Paper2D/Content/' was aborted.
[2018.05.14-23.22.59:361][539]LogDirectoryWatcher: A directory notification for 'C:/Users/Kaizien/Documents/Unreal Projects/UnrealEngine-PavlovVRWorkshop/Plugins/CustomMapTools/Content/' was aborted.
[2018.05.14-23.22.59:361][539]LogModuleManager: Shutting down and abandoning module DirectoryWatcher (151)
[2018.05.14-23.22.59:362][539]LogModuleManager: Shutting down and abandoning module KismetCompiler (148)
[2018.05.14-23.22.59:362][539]LogModuleManager: Shutting down and abandoning module PhysXFormats (146)
[2018.05.14-23.22.59:362][539]LogModuleManager: Shutting down and abandoning module MeshUtilities (144)
[2018.05.14-23.22.59:362][539]LogModuleManager: Shutting down and abandoning module SimplygonSwarm (143)
[2018.05.14-23.22.59:362][539]LogModuleManager: Shutting down and abandoning module SimplygonMeshReduction (141)
[2018.05.14-23.22.59:362][539]LogModuleManager: Shutting down and abandoning module QuadricMeshReduction (139)
[2018.05.14-23.22.59:362][539]LogModuleManager: Shutting down and abandoning module PropertyEditor (137)
[2018.05.14-23.22.59:362][539]LogModuleManager: Shutting down and abandoning module DerivedDataCache (134)
[2018.05.14-23.22.59:389][539]LogDerivedDataCache: Shutdown
[2018.05.14-23.22.59:389][539]LogModuleManager: Shutting down and abandoning module TargetPlatform (132)
[2018.05.14-23.22.59:389][539]LogModuleManager: Shutting down and abandoning module VulkanShaderFormat (131)
[2018.05.14-23.22.59:389][539]LogModuleManager: Shutting down and abandoning module ShaderFormatOpenGL (129)
[2018.05.14-23.22.59:389][539]LogModuleManager: Shutting down and abandoning module ShaderFormatD3D (127)
[2018.05.14-23.22.59:389][539]LogModuleManager: Shutting down and abandoning module MetalShaderFormat (125)
[2018.05.14-23.22.59:389][539]LogModuleManager: Shutting down and abandoning module TextureFormatUncompressed (123)
[2018.05.14-23.22.59:389][539]LogModuleManager: Shutting down and abandoning module TextureFormatPVR (121)
[2018.05.14-23.22.59:389][539]LogModuleManager: Shutting down and abandoning module TextureFormatDXT (119)
[2018.05.14-23.22.59:389][539]LogModuleManager: Shutting down and abandoning module TextureFormatIntelISPCTexComp (117)
[2018.05.14-23.22.59:390][539]LogModuleManager: Shutting down and abandoning module TextureFormatASTC (115)
[2018.05.14-23.22.59:390][539]LogModuleManager: Shutting down and abandoning module ImageWrapper (114)
[2018.05.14-23.22.59:390][539]LogModuleManager: Shutting down and abandoning module TextureFormatAndroid (111)
[2018.05.14-23.22.59:390][539]LogModuleManager: Shutting down and abandoning module AudioFormatOpus (109)
[2018.05.14-23.22.59:390][539]LogModuleManager: Shutting down and abandoning module AudioFormatOgg (107)
[2018.05.14-23.22.59:390][539]LogModuleManager: Shutting down and abandoning module AudioFormatADPCM (105)
[2018.05.14-23.22.59:390][539]LogModuleManager: Shutting down and abandoning module LinuxTargetPlatform (103)
[2018.05.14-23.22.59:390][539]LogModuleManager: Shutting down and abandoning module LinuxServerTargetPlatform (101)
[2018.05.14-23.22.59:390][539]LogModuleManager: Shutting down and abandoning module LinuxNoEditorTargetPlatform (99)
[2018.05.14-23.22.59:390][539]LogModuleManager: Shutting down and abandoning module LinuxClientTargetPlatform (97)
[2018.05.14-23.22.59:390][539]LogModuleManager: Shutting down and abandoning module TVOSTargetPlatform (95)
[2018.05.14-23.22.59:390][539]LogModuleManager: Shutting down and abandoning module Messaging (93)
[2018.05.14-23.22.59:390][539]LogModuleManager: Shutting down and abandoning module IOSTargetPlatform (91)
[2018.05.14-23.22.59:390][539]LogModuleManager: Shutting down and abandoning module HTML5TargetPlatform (89)
[2018.05.14-23.22.59:390][539]LogModuleManager: Shutting down and abandoning module Android_PVRTCTargetPlatform (87)
[2018.05.14-23.22.59:390][539]LogModuleManager: Shutting down and abandoning module Android_MultiTargetPlatform (85)
[2018.05.14-23.22.59:390][539]LogModuleManager: Shutting down and abandoning module Android_ETC2TargetPlatform (83)
[2018.05.14-23.22.59:390][539]LogModuleManager: Shutting down and abandoning module Android_ETC1TargetPlatform (81)
[2018.05.14-23.22.59:390][539]LogModuleManager: Shutting down and abandoning module Android_DXTTargetPlatform (79)
[2018.05.14-23.22.59:390][539]LogModuleManager: Shutting down and abandoning module Android_ATCTargetPlatform (77)
[2018.05.14-23.22.59:390][539]LogModuleManager: Shutting down and abandoning module Android_ASTCTargetPlatform (75)
[2018.05.14-23.22.59:390][539]LogModuleManager: Shutting down and abandoning module AndroidTargetPlatform (73)
[2018.05.14-23.22.59:390][539]LogModuleManager: Shutting down and abandoning module WindowsTargetPlatform (71)
[2018.05.14-23.22.59:390][539]LogModuleManager: Shutting down and abandoning module WindowsServerTargetPlatform (69)
[2018.05.14-23.22.59:390][539]LogModuleManager: Shutting down and abandoning module WindowsNoEditorTargetPlatform (67)
[2018.05.14-23.22.59:390][539]LogModuleManager: Shutting down and abandoning module WindowsClientTargetPlatform (65)
[2018.05.14-23.22.59:390][539]LogModuleManager: Shutting down and abandoning module MacTargetPlatform (63)
[2018.05.14-23.22.59:390][539]LogModuleManager: Shutting down and abandoning module MacServerTargetPlatform (61)
[2018.05.14-23.22.59:390][539]LogModuleManager: Shutting down and abandoning module MacNoEditorTargetPlatform (59)
[2018.05.14-23.22.59:390][539]LogModuleManager: Shutting down and abandoning module MacClientTargetPlatform (57)
[2018.05.14-23.22.59:390][539]LogModuleManager: Shutting down and abandoning module AllDesktopTargetPlatform (55)
[2018.05.14-23.22.59:390][539]LogModuleManager: Shutting down and abandoning module InputCore (52)
[2018.05.14-23.22.59:390][539]LogModuleManager: Shutting down and abandoning module Settings (50)
[2018.05.14-23.22.59:390][539]LogModuleManager: Shutting down and abandoning module OculusRift (48)
[2018.05.14-23.22.59:390][539]LogModuleManager: Shutting down and abandoning module GearVR (46)
[2018.05.14-23.22.59:390][539]LogModuleManager: Shutting down and abandoning module ExampleDeviceProfileSelector (44)
[2018.05.14-23.22.59:390][539]LogModuleManager: Shutting down and abandoning module OnlineBlueprintSupport (42)
[2018.05.14-23.22.59:390][539]LogModuleManager: Shutting down and abandoning module OnlineSubsystem (38)
[2018.05.14-23.22.59:390][539]LogOnline:Display: Unloading online subsystem: NULL
[2018.05.14-23.22.59:390][539]LogModuleManager: Shutting down and abandoning module XMPP (37)
[2018.05.14-23.22.59:390][539]LogModuleManager: Shutting down and abandoning module HTTP (35)
[2018.05.14-23.22.59:390][539]LogHttp:Display: Http module shutting down, but needs to wait on 1 outstanding Http requests:
[2018.05.14-23.22.59:390][539]LogHttp:Display: 	verb=[POST] url=[https://datarouter.ol.epicgames.com/datarouter/api/v1/public/data?SessionID=%7BEDEE9557-40E4-D9FD-E7F6-9EA1D12619DF%7D&AppID=UEEditor.Rocket.Release&AppVersion=4.15.3-3450819%2B%2B%2BUE4%2BRelease-4.15&UserID=64a638fb45afe366e511a1ae3f5feb64%7Cc084440306eb4df9b292fdc98fa98ccb%7Ce3201e7e-f2f5-4bce-b0c9-66be5621e1b3&AppEnvironment=datacollector-binary&UploadType=eteventstream] status=Processing
[2018.05.14-23.22.59:407][539]LogModuleManager: Shutting down and abandoning module SSL (34)
[2018.05.14-23.22.59:408][539]LogModuleManager: Shutting down and abandoning module AudioEditor (30)
[2018.05.14-23.22.59:408][539]LogModuleManager: Shutting down and abandoning module TextureCompressor (28)
[2018.05.14-23.22.59:408][539]LogModuleManager: Shutting down and abandoning module ShaderCore (26)
[2018.05.14-23.22.59:408][539]LogModuleManager: Shutting down and abandoning module Landscape (24)
[2018.05.14-23.22.59:408][539]LogModuleManager: Shutting down and abandoning module SlateRHIRenderer (22)
[2018.05.14-23.22.59:409][539]LogModuleManager: Shutting down and abandoning module OpenGLDrv (20)
[2018.05.14-23.22.59:409][539]LogModuleManager: Shutting down and abandoning module D3D11RHI (18)
[2018.05.14-23.22.59:409][539]LogModuleManager: Shutting down and abandoning module AnimGraphRuntime (16)
[2018.05.14-23.22.59:410][539]LogModuleManager: Shutting down and abandoning module Renderer (14)
[2018.05.14-23.22.59:410][539]LogModuleManager: Shutting down and abandoning module Engine (12)
[2018.05.14-23.22.59:410][539]LogModuleManager: Shutting down and abandoning module CoreUObject (10)
[2018.05.14-23.22.59:410][539]LogModuleManager: Shutting down and abandoning module NetworkFile (8)
[2018.05.14-23.22.59:410][539]LogModuleManager: Shutting down and abandoning module StreamingFile (6)
[2018.05.14-23.22.59:410][539]LogModuleManager: Shutting down and abandoning module SandboxFile (4)
[2018.05.14-23.22.59:410][539]LogModuleManager: Shutting down and abandoning module PakFile (2)
[2018.05.14-23.22.59:413][539]LogExit: Exiting.
[2018.05.14-23.22.59:414][539]Log file closed, 05/14/18 19:22:59
