Log file open, 05/14/18 20:02:31
LogInit:Display: Running engine for game: Pavlov
LogPlatformFile: Not using cached read wrapper
LogInit:Display: RandInit(-119427912) SRandInit(-119427912).
LogTaskGraph: Started task graph with 5 named threads and 12 total threads with 1 sets of task threads.
LogStats: Stats thread started at 0.140547
LogInit: Using libcurl 7.47.1
LogInit:  - built for x86_64-pc-win32
LogInit:  - supports SSL with OpenSSL/1.0.2g
LogInit:  - supports HTTP deflate (compression) using libz 1.2.8
LogInit:  - other features:
LogInit:      CURL_VERSION_SSL
LogInit:      CURL_VERSION_LIBZ
LogInit:      CURL_VERSION_IPV6
LogInit:      CURL_VERSION_ASYNCHDNS
LogInit:      CURL_VERSION_LARGEFILE
LogInit:      CURL_VERSION_IDN
LogInit:  CurlRequestOptions (configurable via config and command line):
LogInit:  - bVerifyPeer = false  - Libcurl will NOT verify peer certificate
LogInit:  - bUseHttpProxy = false  - Libcurl will NOT use HTTP proxy
LogInit:  - bDontReuseConnections = false  - Libcurl will reuse connections
LogInit:  - CertBundlePath = nullptr  - Libcurl will use whatever was configured at build time.
LogInit: Build: ++UE4+Release-4.15-CL-3450819
LogInit: Engine Version: 4.15.3-3450819+++UE4+Release-4.15
LogInit: Compatible Engine Version: 4.15.0-3299760+++UE4+Release-4.15
LogInit: Net CL: 3299760
LogDevObjectVersion: Number of dev versions registered: 14
LogDevObjectVersion:   Dev-Blueprints (B0D832E4-1F89-4F0D-ACCF-7EB736FD4AA2): 8
LogDevObjectVersion:   Dev-Build (E1C64328-A22C-4D53-A36C-8E866417BD8C): 0
LogDevObjectVersion:   Dev-Core (375EC13C-06E4-48FB-B500-84F0262A717E): 2
LogDevObjectVersion:   Dev-Editor (E4B068ED-F494-42E9-A231-DA0B2E46BB41): 14
LogDevObjectVersion:   Dev-Framework (CFFC743F-43B0-4480-9391-14DF171D2073): 22
LogDevObjectVersion:   Dev-Mobile (B02B49B5-BB20-44E9-A304-32B752E40360): 0
LogDevObjectVersion:   Dev-Networking (A4E4105C-59A1-49B5-A7C5-40C4547EDFEE): 0
LogDevObjectVersion:   Dev-Online (39C831C9-5AE6-47DC-9A44-9C173E1C8E7C): 0
LogDevObjectVersion:   Dev-Physics (78F01B33-EBEA-4F98-B9B4-84EACCB95AA2): 0
LogDevObjectVersion:   Dev-Platform (6631380F-2D4D-43E0-8009-CF276956A95A): 0
LogDevObjectVersion:   Dev-Rendering (12F88B9F-8875-4AFC-A67C-D90C383ABD29): 12
LogDevObjectVersion:   Dev-Sequencer (7B5AE74C-D270-4C10-A958-57980B212A5A): 3
LogDevObjectVersion:   Dev-VR (D7296918-1DD6-4BDD-9DE2-64A83CC13884): 0
LogDevObjectVersion:   Dev-LoadTimes (C2A15278-BFE7-4AFE-6C17-90FF531DF755): 1
LogInit: Compiled (64-bit): May 21 2017 11:02:34
LogInit: Compiled with Visual C++: 19.00.23026.00
LogInit: Build Configuration: Development
LogInit: Branch Name: ++UE4+Release-4.15
LogInit: Command line: -EpicPortal 
LogInit: Base directory: E:/Epic/UE_4.15/Engine/Binaries/Win64/
LogInit: Installed Engine Build: 1
LogInit: Presizing for max 8388607 objects, including 0 objects not considered by GC, pre-allocating 0 bytes for permanent pool.
LogInit: Object subsystem initialized
[2018.05.15-00.02.33:177][  0]LogInit: Selected Device Profile: [Windows]
[2018.05.15-00.02.33:177][  0]LogInit: Applying CVar settings loaded from the selected device profile: [Windows]
[2018.05.15-00.02.33:197][  0]LogInit: Computer: DESKTOP-AS4V5HP
[2018.05.15-00.02.33:197][  0]LogInit: User: Kaizien
[2018.05.15-00.02.33:197][  0]LogInit: CPU Page size=65536, Cores=8
[2018.05.15-00.02.33:197][  0]LogInit: High frequency timer resolution =2.924194 MHz
[2018.05.15-00.02.33:197][  0]LogMemory: Memory total: Physical=15.9GB (16GB approx)
[2018.05.15-00.02.33:197][  0]LogMemory: Platform Memory Stats for Windows
[2018.05.15-00.02.33:197][  0]LogMemory: Process Physical Memory: 267.48 MB used, 267.48 MB peak
[2018.05.15-00.02.33:197][  0]LogMemory: Process Virtual Memory: 266.25 MB used, 266.25 MB peak
[2018.05.15-00.02.33:197][  0]LogMemory: Physical Memory: 5329.23 MB used,  10987.54 MB free, 16316.77 MB total
[2018.05.15-00.02.33:197][  0]LogMemory: Virtual Memory: 686.84 MB used,  10987.54 MB free, 134217728.00 MB total
[2018.05.15-00.02.33:274][  0]LogTextLocalizationManager: No specific translations for ('en-US') exist, so ('en') translations will be used.
[2018.05.15-00.02.34:144][  0]LogD3D11RHI: D3D11 adapters:
[2018.05.15-00.02.34:235][  0]LogD3D11RHI:    0. 'NVIDIA GeForce GTX 1070 Ti' (Feature Level 11_0)
[2018.05.15-00.02.34:235][  0]LogD3D11RHI:       7986/0/8158 MB DedicatedVideo/DedicatedSystem/SharedSystem, Outputs:2, VendorId:0x10de
[2018.05.15-00.02.34:237][  0]LogD3D11RHI:    1. 'Microsoft Basic Render Driver' (Feature Level 11_0)
[2018.05.15-00.02.34:237][  0]LogD3D11RHI:       0/0/8158 MB DedicatedVideo/DedicatedSystem/SharedSystem, Outputs:0, VendorId:0x1414
[2018.05.15-00.02.34:237][  0]LogD3D11RHI: Chosen D3D11 Adapter: 0
[2018.05.15-00.02.34:247][  0]LogD3D11RHI: Creating new Direct3DDevice
[2018.05.15-00.02.34:247][  0]LogD3D11RHI:     GPU DeviceId: 0x1b82 (for the marketing name, search the web for "GPU Device Id")
[2018.05.15-00.02.34:247][  0]LogWindows: EnumDisplayDevices:
[2018.05.15-00.02.34:247][  0]LogWindows:    0. 'NVIDIA GeForce GTX 1070 Ti' (P:1 D:1)
[2018.05.15-00.02.34:248][  0]LogWindows:    1. 'NVIDIA GeForce GTX 1070 Ti' (P:0 D:1)
[2018.05.15-00.02.34:248][  0]LogWindows:    2. 'NVIDIA GeForce GTX 1070 Ti' (P:0 D:0)
[2018.05.15-00.02.34:248][  0]LogWindows:    3. 'NVIDIA GeForce GTX 1070 Ti' (P:0 D:0)
[2018.05.15-00.02.34:248][  0]LogWindows: DebugString: GetVideoDriverDetailsInvalid PrimaryIsNotTheChoosenAdapter GetVideoDriverDetailsInvalid PrimaryIsNotTheChoosenAdapter GetVideoDriverDetailsInvalid PrimaryIsNotTheChoosenAdapter GetVideoDriverDetailsInvalid PrimaryIsNotTheChoosenAdapter FoundDriverCount:0 
[2018.05.15-00.02.34:248][  0]LogD3D11RHI:     Adapter Name: NVIDIA GeForce GTX 1070 Ti
[2018.05.15-00.02.34:248][  0]LogD3D11RHI:   Driver Version: Unknown (internal:Unknown, unified:Unknown)
[2018.05.15-00.02.34:248][  0]LogD3D11RHI:      Driver Date: Unknown
[2018.05.15-00.02.34:248][  0]LogRHI: Texture pool is 1361 MB (70% of 1945 MB)
[2018.05.15-00.02.34:316][  0]LogD3D11RHI: Async texture creation enabled
[2018.05.15-00.02.34:392][  0]LogD3D11RHI: GPU Timing Frequency: 1000.000000 (Debug: 2 2)
[2018.05.15-00.02.34:485][  0]LogShaderCompilers: Guid format shader working directory is -24 characters bigger than the processId version (C:/Users/Kaizien/Documents/Unreal Projects/UnrealEngine-PavlovVRWorkshop/Intermediate/Shaders/WorkingDirectory/7216/).
[2018.05.15-00.02.34:485][  0]LogShaderCompilers: Cleaned the shader compiler working directory 'C:/Users/Kaizien/AppData/Local/Temp/UnrealShaderWorkingDir/A914B3D542EC8C0FF5C613AABFF17A5C/'.
[2018.05.15-00.02.34:485][  0]LogShaderCompilers:Display: Using Local Shader Compiler.
[2018.05.15-00.02.35:631][  0]LogTemp:Display: Loaded TP AllDesktopTargetPlatform
[2018.05.15-00.02.35:696][  0]LogTemp:Display: Loaded TP MacClientTargetPlatform
[2018.05.15-00.02.35:762][  0]LogTemp:Display: Loaded TP MacNoEditorTargetPlatform
[2018.05.15-00.02.35:826][  0]LogTemp:Display: Loaded TP MacServerTargetPlatform
[2018.05.15-00.02.35:891][  0]LogTemp:Display: Loaded TP MacTargetPlatform
[2018.05.15-00.02.35:955][  0]LogTemp:Display: Loaded TP WindowsClientTargetPlatform
[2018.05.15-00.02.36:044][  0]LogTemp:Display: Loaded TP WindowsNoEditorTargetPlatform
[2018.05.15-00.02.36:129][  0]LogTemp:Display: Loaded TP WindowsServerTargetPlatform
[2018.05.15-00.02.36:190][  0]LogTemp:Display: Loaded TP WindowsTargetPlatform
[2018.05.15-00.02.36:257][  0]LogTemp:Display: Loaded TP AndroidTargetPlatform
[2018.05.15-00.02.36:322][  0]LogTemp:Display: Loaded TP Android_ASTCTargetPlatform
[2018.05.15-00.02.36:389][  0]LogTemp:Display: Loaded TP Android_ATCTargetPlatform
[2018.05.15-00.02.36:708][  0]LogTemp:Display: Loaded TP Android_DXTTargetPlatform
[2018.05.15-00.02.36:778][  0]LogTemp:Display: Loaded TP Android_ETC1TargetPlatform
[2018.05.15-00.02.36:879][  0]LogTemp:Display: Loaded TP Android_ETC2TargetPlatform
[2018.05.15-00.02.37:034][  0]LogTemp:Display: Loaded TP Android_MultiTargetPlatform
[2018.05.15-00.02.37:034][  0]LogTemp:Display: Loaded TP Android_PVRTCTargetPlatform
[2018.05.15-00.02.37:122][  0]LogTemp:Display: Loaded TP HTML5TargetPlatform
[2018.05.15-00.02.37:245][  0]LogTemp:Display: Loaded TP IOSTargetPlatform
[2018.05.15-00.02.37:288][  0]LogTemp:Display: Loaded TP TVOSTargetPlatform
[2018.05.15-00.02.37:354][  0]LogTemp:Display: Loaded TP LinuxClientTargetPlatform
[2018.05.15-00.02.37:417][  0]LogTemp:Display: Loaded TP LinuxNoEditorTargetPlatform
[2018.05.15-00.02.37:481][  0]LogTemp:Display: Loaded TP LinuxServerTargetPlatform
[2018.05.15-00.02.37:545][  0]LogTemp:Display: Loaded TP LinuxTargetPlatform
[2018.05.15-00.02.37:545][  0]LogTargetPlatformManager:Display: Building Assets For Windows
[2018.05.15-00.02.37:967][  0]LogDerivedDataCache:Display: Max Cache Size: 512 MB
[2018.05.15-00.02.38:021][  0]LogDerivedDataCache: Loaded boot cache 0.05s 51MB C:/Users/Kaizien/AppData/Local/UnrealEngine/4.15/DerivedDataCache/Boot.ddc.
[2018.05.15-00.02.38:022][  0]LogDerivedDataCache:Display: Loaded Boot cache: C:/Users/Kaizien/AppData/Local/UnrealEngine/4.15/DerivedDataCache/Boot.ddc
[2018.05.15-00.02.38:022][  0]LogDerivedDataCache: FDerivedDataBackendGraph:  Pak pak cache file C:/Users/Kaizien/Documents/Unreal Projects/UnrealEngine-PavlovVRWorkshop/DerivedDataCache/DDC.ddp not found, will not use a pak cache.
[2018.05.15-00.02.38:022][  0]LogDerivedDataCache: Unable to find inner node Pak for hierarchical cache Hierarchy.
[2018.05.15-00.02.38:022][  0]LogDerivedDataCache: FDerivedDataBackendGraph:  CompressedPak pak cache file C:/Users/Kaizien/Documents/Unreal Projects/UnrealEngine-PavlovVRWorkshop/DerivedDataCache/Compressed.ddp not found, will not use a pak cache.
[2018.05.15-00.02.38:022][  0]LogDerivedDataCache: Unable to find inner node CompressedPak for hierarchical cache Hierarchy.
[2018.05.15-00.02.38:042][  0]LogDerivedDataCache:Display: Pak cache opened for reading ../../../Engine/DerivedDataCache/Compressed.ddp.
[2018.05.15-00.02.38:055][  0]LogDerivedDataCache: Using Local data cache path C:/Users/Kaizien/AppData/Local/UnrealEngine/Common/DerivedDataCache: Writable
[2018.05.15-00.02.38:075][  0]LogSlate: Using Freetype 2.6.0
[2018.05.15-00.02.38:076][  0]LogSlate: SlateFontCache - WITH_FREETYPE: 1, WITH_HARFBUZZ: 1
[2018.05.15-00.02.38:076][  0]LogSlate: SlateFontCache - WITH_FREETYPE: 1, WITH_HARFBUZZ: 1
[2018.05.15-00.02.38:426][  0]LogInit: Selected Device Profile: [Windows]
[2018.05.15-00.02.38:429][  0]LogContentStreaming: Texture pool size is 0.00 MB
[2018.05.15-00.02.38:666][  0]LogMeshUtilities: Using QuadricMeshReduction for automatic static mesh reduction
[2018.05.15-00.02.38:709][  0]LogSimplygon: Simplygon DLL not present - disabling.
[2018.05.15-00.02.38:761][  0]LogMeshUtilities: Using SimplygonSwarm for distributed automatic mesh merging
[2018.05.15-00.02.38:761][  0]LogMeshUtilities: No automatic skeletal mesh reduction module available
[2018.05.15-00.02.38:761][  0]LogMeshUtilities: No automatic mesh merging module available
[2018.05.15-00.02.39:431][  0]LogNetVersion: GetLocalNetworkVersion: CL: 3299760, ProjectName: pavlov, ProjectVersion: , EngineNetworkVersion: 2, GameNetworkVersion: 0, NetworkChecksum: 2014131361
[2018.05.15-00.02.39:475][  0]LogAssetRegistry: FAssetRegistry took 0.0222 seconds to start up
[2018.05.15-00.02.39:542][  0]LogPackageLocalizationCache: Processed 4 localized package path(s) for 2 prioritized culture(s) in 0.048231 seconds
[2018.05.15-00.02.39:549][  0]LogUObjectArray: 32493 objects as part of root set at end of initial load.
[2018.05.15-00.02.39:549][  0]LogUObjectAllocator: 7077024 out of 0 bytes used by permanent object pool.
[2018.05.15-00.02.39:549][  0]LogUObjectArray: CloseDisregardForGC: 0/0 objects in disregard for GC pool
[2018.05.15-00.02.39:603][  0]LogInit: WinSock: version 1.1 (2.2), MaxSocks=32767, MaxUdp=65467
[2018.05.15-00.02.41:407][  0]LogTcpMessaging: Initializing TcpMessaging bridge
[2018.05.15-00.02.41:448][  0]LogUdpMessaging: Initializing bridge on interface 0.0.0.0:0 to multicast group 230.0.0.1:6666.
[2018.05.15-00.02.41:941][  0]LogMaterial: Missing cached shader map for material BaseColor, compiling. 
[2018.05.15-00.02.41:975][  0]LogMaterial:Warning: Failed to compile Material /Engine/BufferVisualization/BaseColor.BaseColor for platform PCD3D_SM5, Default Material will be used in game.
[2018.05.15-00.02.41:975][  0]LogMaterial:Warning: 	(Node SceneTexture) GBuffer scene textures not available with forward shading.
[2018.05.15-00.02.41:994][  0]LogMaterial: Uniform references updated for custom material expression Custom.
[2018.05.15-00.02.42:013][  0]LogMaterial: Missing cached shader map for material LightingModel, compiling. 
[2018.05.15-00.02.42:013][  0]LogMaterial:Warning: Failed to compile Material /Engine/BufferVisualization/LightingModel.LightingModel for platform PCD3D_SM5, Default Material will be used in game.
[2018.05.15-00.02.42:013][  0]LogMaterial:Warning: 	(Node SceneTexture) GBuffer scene textures not available with forward shading.
[2018.05.15-00.02.42:015][  0]LogMaterial: Missing cached shader map for material MaterialAO, compiling. 
[2018.05.15-00.02.42:015][  0]LogMaterial:Warning: Failed to compile Material /Engine/BufferVisualization/MaterialAO.MaterialAO for platform PCD3D_SM5, Default Material will be used in game.
[2018.05.15-00.02.42:015][  0]LogMaterial:Warning: 	(Node SceneTexture) GBuffer scene textures not available with forward shading.
[2018.05.15-00.02.42:017][  0]LogMaterial: Missing cached shader map for material Metallic, compiling. 
[2018.05.15-00.02.42:017][  0]LogMaterial:Warning: Failed to compile Material /Engine/BufferVisualization/Metallic.Metallic for platform PCD3D_SM5, Default Material will be used in game.
[2018.05.15-00.02.42:017][  0]LogMaterial:Warning: 	(Node SceneTexture) GBuffer scene textures not available with forward shading.
[2018.05.15-00.02.42:019][  0]LogMaterial: Missing cached shader map for material Opacity, compiling. 
[2018.05.15-00.02.42:020][  0]LogMaterial:Warning: Failed to compile Material /Engine/BufferVisualization/Opacity.Opacity for platform PCD3D_SM5, Default Material will be used in game.
[2018.05.15-00.02.42:020][  0]LogMaterial:Warning: 	(Node SceneTexture) GBuffer scene textures not available with forward shading.
[2018.05.15-00.02.42:022][  0]LogMaterial: Missing cached shader map for material Roughness, compiling. 
[2018.05.15-00.02.42:022][  0]LogMaterial:Warning: Failed to compile Material /Engine/BufferVisualization/Roughness.Roughness for platform PCD3D_SM5, Default Material will be used in game.
[2018.05.15-00.02.42:022][  0]LogMaterial:Warning: 	(Node SceneTexture) GBuffer scene textures not available with forward shading.
[2018.05.15-00.02.42:055][  0]LogMaterial: Missing cached shader map for material Specular, compiling. 
[2018.05.15-00.02.42:055][  0]LogMaterial:Warning: Failed to compile Material /Engine/BufferVisualization/Specular.Specular for platform PCD3D_SM5, Default Material will be used in game.
[2018.05.15-00.02.42:055][  0]LogMaterial:Warning: 	(Node SceneTexture) GBuffer scene textures not available with forward shading.
[2018.05.15-00.02.42:058][  0]LogMaterial: Missing cached shader map for material SubsurfaceColor, compiling. 
[2018.05.15-00.02.42:058][  0]LogMaterial:Warning: Failed to compile Material /Engine/BufferVisualization/SubsurfaceColor.SubsurfaceColor for platform PCD3D_SM5, Default Material will be used in game.
[2018.05.15-00.02.42:058][  0]LogMaterial:Warning: 	(Node SceneTexture) GBuffer scene textures not available with forward shading.
[2018.05.15-00.02.42:060][  0]LogMaterial: Missing cached shader map for material WorldNormal, compiling. 
[2018.05.15-00.02.42:060][  0]LogMaterial:Warning: Failed to compile Material /Engine/BufferVisualization/WorldNormal.WorldNormal for platform PCD3D_SM5, Default Material will be used in game.
[2018.05.15-00.02.42:060][  0]LogMaterial:Warning: 	(Node SceneTexture) GBuffer scene textures not available with forward shading.
[2018.05.15-00.02.42:453][  0]SourceControl: Info Source control is disabled
[2018.05.15-00.02.42:454][  0]SourceControl: Info Source control is disabled
[2018.05.15-00.02.42:508][  0]SourceControl: Info Source control is disabled
[2018.05.15-00.02.42:561][  0]SourceControl: Info Source control is disabled
[2018.05.15-00.02.44:000][  0]LogEngine: Initializing Engine...
[2018.05.15-00.02.44:031][  0]LogHMD: Failed to initialize OpenVR with code 119
[2018.05.15-00.02.44:281][  0]LogStats: UGameplayTagsManager::ConstructGameplayTagTree: Construct from data asset -  0.000 s
[2018.05.15-00.02.44:281][  0]LogStats: UGameplayTagsManager::ConstructGameplayTagTree: GameplayTagTreeChangedEvent.Broadcast -  0.000 s
[2018.05.15-00.02.44:423][  0]LogAIModule: Creating AISystem for world Untitled
[2018.05.15-00.02.44:431][  0]LogInit: No audio devices found!
[2018.05.15-00.02.44:473][  0]LogDerivedDataCache: Saved boot cache 0.04s 62MB C:/Users/Kaizien/AppData/Local/UnrealEngine/4.15/DerivedDataCache/Boot.ddc.
[2018.05.15-00.02.44:486][  0]LogInit: Texture streaming: Enabled
[2018.05.15-00.02.44:567][  0]LogEngineSessionManager: EngineSessionManager initialized
[2018.05.15-00.02.44:675][  0]LogInit: Transaction tracking system initialized
[2018.05.15-00.02.45:016][  0]BlueprintLog: New page: Editor Load
[2018.05.15-00.02.45:889][  0]LocalizationService: Info Localization service is disabled
[2018.05.15-00.02.46:819][  0]LogConsoleResponse:Display: 
[2018.05.15-00.02.47:049][  0]LogCook:Display: Max memory allowance for cook 16384mb min free memory 0mb
[2018.05.15-00.02.47:049][  0]LogCook:Display: Mobile HDR setting 0
[2018.05.15-00.02.47:198][  0]LogFileCache: Scanning file cache for directory 'C:/Users/Kaizien/Documents/Unreal Projects/UnrealEngine-PavlovVRWorkshop/Content/' took 0.02s
[2018.05.15-00.02.47:781][  0]CustomMapToolsLog: Initializing Pavlov's workshop editor plugin
[2018.05.15-00.02.47:882][  0]CustomMapToolsLog: Visiting C:/Users/Kaizien/Documents/Unreal Projects/UnrealEngine-PavlovVRWorkshop/Content/CustomMaps/UGC1386062767
[2018.05.15-00.02.48:288][  0]SourceControl: Info Source control is disabled
[2018.05.15-00.02.48:288][  0]Cmd: MAP LOAD FILE="C:/Users/Kaizien/Documents/Unreal Projects/UnrealEngine-PavlovVRWorkshop/Content/CustomMaps/UGC1386062767/TwitchMap.umap" TEMPLATE=0 SHOWPROGRESS=1 FEATURELEVEL=3
[2018.05.15-00.02.48:289][  0]LightingResults: New page: Lighting Build
[2018.05.15-00.02.48:330][  0]MapCheck: New page: Map Check
[2018.05.15-00.02.48:330][  0]LightingResults: New page: Lighting Build
[2018.05.15-00.02.48:898][  0]LogAIModule: Creating AISystem for world TwitchMap
[2018.05.15-00.02.48:933][  0]LogEditorServer: Finished looking for orphan Actors (0.000 secs)
[2018.05.15-00.02.48:960][  0]Cmd: MAP CHECKDEP NOCLEARLOG
[2018.05.15-00.02.49:014][  0]MapCheck: Info Map check complete: 0 Error(s), 0 Warning(s), took 53.803ms to complete.
[2018.05.15-00.02.49:014][  0]LogFileHelpers: Loading map 'TwitchMap' took 0.725
[2018.05.15-00.02.49:738][  0]LogCollectionManager: Loaded 1 collections in 0.005125 seconds
[2018.05.15-00.02.49:908][  0]LogFileCache: Scanning file cache for directory 'C:/Users/Kaizien/Documents/Unreal Projects/UnrealEngine-PavlovVRWorkshop/Saved/Collections/' took 0.01s
[2018.05.15-00.02.49:908][  0]LogFileCache: Scanning file cache for directory 'C:/Users/Kaizien/Documents/Unreal Projects/UnrealEngine-PavlovVRWorkshop/Content/Developers/Kaizien/Collections/' took 0.01s
[2018.05.15-00.02.49:908][  0]LogFileCache: Scanning file cache for directory 'C:/Users/Kaizien/Documents/Unreal Projects/UnrealEngine-PavlovVRWorkshop/Content/Collections/' took 0.01s
[2018.05.15-00.02.49:908][  0]LogCollectionManager: Rebuilt the GUID cache for 1 collections in 0.000004 seconds
[2018.05.15-00.02.49:908][  0]LogCollectionManager: Rebuilt the hierarchy cache for 1 collections in 0.000000 seconds
[2018.05.15-00.02.49:936][  0]LogContentBrowser: Native class hierarchy populated in 0.0219 seconds. Added 2254 classes and 456 folders.
[2018.05.15-00.02.50:056][  0]LogContentBrowser: Native class hierarchy updated for 'WidgetCarousel' in 0.0006 seconds. Added 0 classes and 0 folders.
[2018.05.15-00.02.50:860][  0]LogContentBrowser: Native class hierarchy updated for 'AddContentDialog' in 0.0007 seconds. Added 0 classes and 0 folders.
[2018.05.15-00.02.50:995][  0]LogContentBrowser: Native class hierarchy updated for 'SceneOutliner' in 0.0007 seconds. Added 1 classes and 2 folders.
[2018.05.15-00.02.51:314][  0]LogCrashTracker: Crashtracker disabled due to settings.
[2018.05.15-00.02.51:420][  0]LogUObjectGlobals:Warning: Failed to find object 'Class None.'
[2018.05.15-00.02.51:516][  0]LogContentBrowser: Native class hierarchy updated for 'HierarchicalLODOutliner' in 0.0007 seconds. Added 1 classes and 2 folders.
[2018.05.15-00.02.51:517][  0]LogLoad: (Engine Initialization) Total time: 21.23 seconds
[2018.05.15-00.02.51:517][  0]LogLoad: (Engine Initialization) Total Blueprint compile time: 0.10 seconds
[2018.05.15-00.02.51:517][  0]LogExternalProfiler: Found external profiler: VSPerf
[2018.05.15-00.02.51:517][  0]LogExternalProfiler: Using external profiler: VSPerf
[2018.05.15-00.02.51:526][  0]LogWindowsTextInputMethodSystem:Display: IME system now deactivated.
[2018.05.15-00.02.51:526][  0]LogOcInput: OculusInput pre-init called
[2018.05.15-00.02.51:647][  0]LogContentStreaming: Texture pool size now 2500 MB
[2018.05.15-00.02.51:648][  0]LogSlate: Took 0.000298 seconds to synchronously load lazily loaded font '../../../Engine/Content/Slate/Fonts/Roboto-Regular.ttf' (155K)
[2018.05.15-00.02.51:651][  0]LogSlate: Took 0.000303 seconds to synchronously load lazily loaded font '../../../Engine/Content/Slate/Fonts/Roboto-Bold.ttf' (160K)
[2018.05.15-00.02.51:700][  0]LogSlate: Took 0.016849 seconds to synchronously load lazily loaded font '../../../Engine/Content/Editor/Slate/Fonts/FontAwesome.ttf' (139K)
[2018.05.15-00.02.52:439][  0]LogRenderer: Reallocating scene render targets to support 1616x808 NumSamples 4 (Frame:2).
[2018.05.15-00.02.52:744][  1]LogAssetRegistry: Asset discovery search completed in 13.2918 seconds
[2018.05.15-00.02.52:744][  1]LogCollectionManager: Rebuilt the object cache for 1 collections in 0.000009 seconds (found 0 objects)
[2018.05.15-00.02.52:744][  1]LogCollectionManager: Fixed up redirectors for 1 collections in 0.000022 seconds (updated 0 objects)
[2018.05.15-00.03.04:517][810]CustomMapToolsLog: Synced item
[2018.05.15-00.03.06:606][ 61]CustomMapToolsLog: MapURL = /Game/CustomMaps/UGC1386062767/TwitchMap
[2018.05.15-00.03.06:606][ 61]CustomMapToolsLog: Cook command: "C:/Users/Kaizien/Documents/Unreal Projects/UnrealEngine-PavlovVRWorkshop/Pavlov.uproject"  -run=cook -targetplatform=WindowsNoEditor+LinuxServer -UnVersioned -map=/Game/CustomMaps/UGC1386062767/TwitchMap
[2018.05.15-00.03.29:311][498]CustomMapToolsLog: Adding to paklist definition.uasset
[2018.05.15-00.03.29:311][498]CustomMapToolsLog: Adding to paklist SM_Template_Map_Floor.uasset
[2018.05.15-00.03.29:311][498]CustomMapToolsLog: Adding to paklist TwitchMap.umap
[2018.05.15-00.03.29:311][498]CustomMapToolsLog: Adding to paklist TwitchMap_BuiltData.uasset
[2018.05.15-00.03.50:857][854]LogWindowsTextInputMethodSystem:Display: IME system now deactivated.
[2018.05.15-00.03.51:090][855]Cmd: QUIT_EDITOR
[2018.05.15-00.03.51:154][855]LogExit: Preparing to exit.
[2018.05.15-00.03.51:741][855]LogExit: Editor shut down
[2018.05.15-00.03.51:742][855]LogExit: Transaction tracking system shut down
[2018.05.15-00.03.51:803][855]LogObj: Freed 0b from 0 cluster array pools.
[2018.05.15-00.03.51:804][855]LogExit: Object subsystem successfully closed.
[2018.05.15-00.03.51:972][855]LogD3D11RHI: Shutdown
[2018.05.15-00.03.51:972][855]LogD3D11RHI: CleanupD3DDevice
[2018.05.15-00.03.52:274][855]LogD3D11RHI: ~FD3D11DynamicRHI
[2018.05.15-00.03.52:285][855]LogModuleManager: Shutting down and abandoning module HierarchicalLODOutliner (502)
[2018.05.15-00.03.52:285][855]LogModuleManager: Shutting down and abandoning module CrashTracker (500)
[2018.05.15-00.03.52:285][855]LogModuleManager: Shutting down and abandoning module SceneOutliner (498)
[2018.05.15-00.03.52:285][855]LogModuleManager: Shutting down and abandoning module AddContentDialog (496)
[2018.05.15-00.03.52:285][855]LogDirectoryWatcher: A directory notification for 'E:/Epic/UE_4.15/FeaturePacks/' was aborted.
[2018.05.15-00.03.52:286][855]LogModuleManager: Shutting down and abandoning module WidgetCarousel (495)
[2018.05.15-00.03.52:286][855]LogModuleManager: Shutting down and abandoning module EditorWidgets (492)
[2018.05.15-00.03.52:286][855]LogModuleManager: Shutting down and abandoning module CollectionManager (490)
[2018.05.15-00.03.52:286][855]LogDirectoryWatcher: A directory notification for 'C:/Users/Kaizien/Documents/Unreal Projects/UnrealEngine-PavlovVRWorkshop/Content/Collections/' was aborted.
[2018.05.15-00.03.52:286][855]LogDirectoryWatcher: A directory notification for 'C:/Users/Kaizien/Documents/Unreal Projects/UnrealEngine-PavlovVRWorkshop/Content/Developers/Kaizien/Collections/' was aborted.
[2018.05.15-00.03.52:286][855]LogDirectoryWatcher: A directory notification for 'C:/Users/Kaizien/Documents/Unreal Projects/UnrealEngine-PavlovVRWorkshop/Saved/Collections/' was aborted.
[2018.05.15-00.03.52:286][855]LogModuleManager: Shutting down and abandoning module StatsViewer (488)
[2018.05.15-00.03.52:286][855]LogModuleManager: Shutting down and abandoning module FoliageEdit (486)
[2018.05.15-00.03.52:286][855]LogModuleManager: Shutting down and abandoning module LandscapeEditor (484)
[2018.05.15-00.03.52:287][855]LogModuleManager: Shutting down and abandoning module SceneDepthPickerMode (482)
[2018.05.15-00.03.52:287][855]LogModuleManager: Shutting down and abandoning module ActorPickerMode (480)
[2018.05.15-00.03.52:287][855]LogModuleManager: Shutting down and abandoning module GeometryMode (478)
[2018.05.15-00.03.52:287][855]LogModuleManager: Shutting down and abandoning module TextureAlignMode (476)
[2018.05.15-00.03.52:287][855]LogModuleManager: Shutting down and abandoning module BspMode (474)
[2018.05.15-00.03.52:287][855]LogModuleManager: Shutting down and abandoning module HardwareSurvey (472)
[2018.05.15-00.03.52:287][855]LogModuleManager: Shutting down and abandoning module SequenceRecorderSections (470)
[2018.05.15-00.03.52:287][855]LogModuleManager: Shutting down and abandoning module AutomationWorker (468)
[2018.05.15-00.03.52:287][855]LogModuleManager: Shutting down and abandoning module CustomMapTools (466)
[2018.05.15-00.03.52:287][855]LogModuleManager: Shutting down and abandoning module MatineeToLevelSequence (464)
[2018.05.15-00.03.52:287][855]LogModuleManager: Shutting down and abandoning module LevelSequenceEditor (462)
[2018.05.15-00.03.52:287][855]LogModuleManager: Shutting down and abandoning module PlacementMode (461)
[2018.05.15-00.03.52:287][855]LogModuleManager: Shutting down and abandoning module WmfMediaFactory (458)
[2018.05.15-00.03.52:287][855]LogModuleManager: Shutting down and abandoning module WmfMediaEditor (456)
[2018.05.15-00.03.52:287][855]LogModuleManager: Shutting down and abandoning module MfMediaFactory (454)
[2018.05.15-00.03.52:287][855]LogModuleManager: Shutting down and abandoning module MfMediaEditor (452)
[2018.05.15-00.03.52:287][855]LogModuleManager: Shutting down and abandoning module AvfMediaFactory (450)
[2018.05.15-00.03.52:287][855]LogModuleManager: Shutting down and abandoning module AvfMediaEditor (448)
[2018.05.15-00.03.52:287][855]LogModuleManager: Shutting down and abandoning module AndroidMediaFactory (446)
[2018.05.15-00.03.52:287][855]LogModuleManager: Shutting down and abandoning module Media (445)
[2018.05.15-00.03.52:287][855]LogModuleManager: Shutting down and abandoning module AndroidMediaEditor (442)
[2018.05.15-00.03.52:287][855]LogModuleManager: Shutting down and abandoning module CharacterAI (440)
[2018.05.15-00.03.52:287][855]LogModuleManager: Shutting down and abandoning module AudioCapture (438)
[2018.05.15-00.03.52:287][855]LogModuleManager: Shutting down and abandoning module SequenceRecorder (437)
[2018.05.15-00.03.52:287][855]LogModuleManager: Shutting down and abandoning module SmartSnapping (434)
[2018.05.15-00.03.52:287][855]LogModuleManager: Shutting down and abandoning module SessionServices (432)
[2018.05.15-00.03.52:287][855]LogModuleManager: Shutting down and abandoning module ViewportSnapping (430)
[2018.05.15-00.03.52:287][855]LogModuleManager: Shutting down and abandoning module ViewportInteraction (428)
[2018.05.15-00.03.52:287][855]LogModuleManager: Shutting down and abandoning module LogVisualizer (426)
[2018.05.15-00.03.52:287][855]LogModuleManager: Shutting down and abandoning module IntroTutorials (424)
[2018.05.15-00.03.52:287][855]LogModuleManager: Shutting down and abandoning module GameProjectGeneration (423)
[2018.05.15-00.03.52:287][855]LogModuleManager: Shutting down and abandoning module EditorLiveStreaming (420)
[2018.05.15-00.03.52:287][855]LogModuleManager: Shutting down and abandoning module IOSPlatformEditor (418)
[2018.05.15-00.03.52:287][855]LogModuleManager: Shutting down and abandoning module HTML5PlatformEditor (416)
[2018.05.15-00.03.52:287][855]LogModuleManager: Shutting down and abandoning module AndroidPlatformEditor (414)
[2018.05.15-00.03.52:287][855]LogModuleManager: Shutting down and abandoning module AndroidDeviceDetection (413)
[2018.05.15-00.03.52:288][855]LogModuleManager: Shutting down and abandoning module IOSRuntimeSettings (410)
[2018.05.15-00.03.52:288][855]LogModuleManager: Shutting down and abandoning module AndroidRuntimeSettings (408)
[2018.05.15-00.03.52:288][855]LogModuleManager: Shutting down and abandoning module InputBindingEditor (406)
[2018.05.15-00.03.52:288][855]LogModuleManager: Shutting down and abandoning module NiagaraEditor (404)
[2018.05.15-00.03.52:288][855]LogModuleManager: Shutting down and abandoning module MergeActors (402)
[2018.05.15-00.03.52:288][855]LogModuleManager: Shutting down and abandoning module SizeMap (400)
[2018.05.15-00.03.52:288][855]LogModuleManager: Shutting down and abandoning module TreeMap (398)
[2018.05.15-00.03.52:288][855]LogModuleManager: Shutting down and abandoning module ReferenceViewer (396)
[2018.05.15-00.03.52:288][855]LogModuleManager: Shutting down and abandoning module LocalizationDashboard (394)
[2018.05.15-00.03.52:288][855]LogModuleManager: Shutting down and abandoning module LocalizationService (393)
[2018.05.15-00.03.52:288][855]LogModuleManager: Shutting down and abandoning module HardwareTargeting (390)
[2018.05.15-00.03.52:288][855]LogModuleManager: Shutting down and abandoning module DeviceProfileEditor (388)
[2018.05.15-00.03.52:288][855]LogModuleManager: Shutting down and abandoning module UndoHistory (386)
[2018.05.15-00.03.52:288][855]LogModuleManager: Shutting down and abandoning module UserFeedback (384)
[2018.05.15-00.03.52:288][855]LogModuleManager: Shutting down and abandoning module XmlParser (382)
[2018.05.15-00.03.52:288][855]LogModuleManager: Shutting down and abandoning module Blutility (380)
[2018.05.15-00.03.52:288][855]LogModuleManager: Shutting down and abandoning module ProjectSettingsViewer (378)
[2018.05.15-00.03.52:288][855]LogModuleManager: Shutting down and abandoning module ProjectTargetPlatformEditor (377)
[2018.05.15-00.03.52:289][855]LogModuleManager: Shutting down and abandoning module EditorSettingsViewer (374)
[2018.05.15-00.03.52:289][855]LogModuleManager: Shutting down and abandoning module SettingsEditor (372)
[2018.05.15-00.03.52:289][855]LogModuleManager: Shutting down and abandoning module ProjectLauncher (370)
[2018.05.15-00.03.52:289][855]LogModuleManager: Shutting down and abandoning module SessionFrontend (368)
[2018.05.15-00.03.52:289][855]LogModuleManager: Shutting down and abandoning module ProfilerClient (366)
[2018.05.15-00.03.52:289][855]LogModuleManager: Shutting down and abandoning module DeviceManager (364)
[2018.05.15-00.03.52:289][855]LogModuleManager: Shutting down and abandoning module TargetDeviceServices (363)
[2018.05.15-00.03.52:332][855]LogModuleManager: Shutting down and abandoning module AutomationController (360)
[2018.05.15-00.03.52:332][855]LogModuleManager: Shutting down and abandoning module AutomationWindow (358)
[2018.05.15-00.03.52:332][855]LogModuleManager: Shutting down and abandoning module Layers (356)
[2018.05.15-00.03.52:332][855]LogModuleManager: Shutting down and abandoning module ComponentVisualizers (354)
[2018.05.15-00.03.52:332][855]LogModuleManager: Shutting down and abandoning module DetailCustomizations (352)
[2018.05.15-00.03.52:332][855]LogModuleManager: Shutting down and abandoning module PackagesDialog (350)
[2018.05.15-00.03.52:332][855]LogModuleManager: Shutting down and abandoning module Persona (348)
[2018.05.15-00.03.52:332][855]LogModuleManager: Shutting down and abandoning module AnimGraph (347)
[2018.05.15-00.03.52:332][855]LogModuleManager: Shutting down and abandoning module Kismet (344)
[2018.05.15-00.03.52:332][855]LogModuleManager: Shutting down and abandoning module GraphEditor (342)
[2018.05.15-00.03.52:332][855]LogModuleManager: Shutting down and abandoning module ClassViewer (340)
[2018.05.15-00.03.52:332][855]LogModuleManager: Shutting down and abandoning module Toolbox (338)
[2018.05.15-00.03.52:332][855]LogModuleManager: Shutting down and abandoning module ModuleUI (336)
[2018.05.15-00.03.52:332][855]LogModuleManager: Shutting down and abandoning module MovieSceneTools (334)
[2018.05.15-00.03.52:332][855]LogModuleManager: Shutting down and abandoning module OutputLog (332)
[2018.05.15-00.03.52:332][855]LogModuleManager: Shutting down and abandoning module GammaUI (330)
[2018.05.15-00.03.52:332][855]LogModuleManager: Shutting down and abandoning module Documentation (328)
[2018.05.15-00.03.52:332][855]LogModuleManager: Shutting down and abandoning module Niagara (326)
[2018.05.15-00.03.52:332][855]LogModuleManager: Shutting down and abandoning module StreamingPauseRendering (324)
[2018.05.15-00.03.52:332][855]LogModuleManager: Shutting down and abandoning module AnalyticsET (322)
[2018.05.15-00.03.52:332][855]LogModuleManager: Shutting down and abandoning module PortalServices (320)
[2018.05.15-00.03.52:332][855]LogModuleManager: Shutting down and abandoning module PortalRpc (318)
[2018.05.15-00.03.52:332][855]LogModuleManager: Shutting down and abandoning module MessagingRpc (316)
[2018.05.15-00.03.52:332][855]LogModuleManager: Shutting down and abandoning module AIModule (314)
[2018.05.15-00.03.52:332][855]LogModuleManager: Shutting down and abandoning module GameplayDebugger (313)
[2018.05.15-00.03.52:332][855]LogModuleManager: Shutting down and abandoning module AITestSuite (311)
[2018.05.15-00.03.52:332][855]LogModuleManager: Shutting down and abandoning module ProfilerService (308)
[2018.05.15-00.03.52:560][855]LogModuleManager: Shutting down and abandoning module TaskGraph (306)
[2018.05.15-00.03.52:560][855]LogModuleManager: Shutting down and abandoning module PavlovProxy (304)
[2018.05.15-00.03.52:560][855]LogModuleManager: Shutting down and abandoning module SteamVRController (302)
[2018.05.15-00.03.52:560][855]LogModuleManager: Shutting down and abandoning module SteamVR (300)
[2018.05.15-00.03.52:560][855]LogModuleManager: Shutting down and abandoning module ProceduralMeshComponentEditor (298)
[2018.05.15-00.03.52:560][855]LogModuleManager: Shutting down and abandoning module ProceduralMeshComponent (296)
[2018.05.15-00.03.52:560][855]LogModuleManager: Shutting down and abandoning module OculusLibrary (294)
[2018.05.15-00.03.52:560][855]LogModuleManager: Shutting down and abandoning module OculusInput (292)
[2018.05.15-00.03.52:560][855]LogModuleManager: Shutting down and abandoning module MobilePatchingUtils (290)
[2018.05.15-00.03.52:560][855]LogModuleManager: Shutting down and abandoning module CustomMeshComponent (288)
[2018.05.15-00.03.52:560][855]LogModuleManager: Shutting down and abandoning module CableComponent (286)
[2018.05.15-00.03.52:560][855]LogModuleManager: Shutting down and abandoning module ArchVisCharacter (284)
[2018.05.15-00.03.52:560][855]LogModuleManager: Shutting down and abandoning module MediaPlayerEditor (280)
[2018.05.15-00.03.52:560][855]LogModuleManager: Shutting down and abandoning module HTML5Networking (278)
[2018.05.15-00.03.52:560][855]LogModuleManager: Shutting down and abandoning module AlembicImporter (276)
[2018.05.15-00.03.52:560][855]LogModuleManager: Shutting down and abandoning module AlembicLibrary (275)
[2018.05.15-00.03.52:560][855]LogModuleManager: Shutting down and abandoning module GeometryCache (274)
[2018.05.15-00.03.52:560][855]LogModuleManager: Shutting down and abandoning module GeometryCacheEd (273)
[2018.05.15-00.03.52:560][855]LogModuleManager: Shutting down and abandoning module SuperSearchEditor (268)
[2018.05.15-00.03.52:561][855]LogModuleManager: Shutting down and abandoning module SuperSearch (267)
[2018.05.15-00.03.52:561][855]LogModuleManager: Shutting down and abandoning module SpeedTreeImporter (264)
[2018.05.15-00.03.52:561][855]LogModuleManager: Shutting down and abandoning module PluginBrowser (262)
[2018.05.15-00.03.52:561][855]LogModuleManager: Shutting down and abandoning module MobileLauncherProfileWizard (260)
[2018.05.15-00.03.52:561][855]LogModuleManager: Shutting down and abandoning module EpicSurvey (258)
[2018.05.15-00.03.52:561][855]LogModuleManager: Shutting down and abandoning module VisualStudioSourceCodeAccess (256)
[2018.05.15-00.03.52:561][855]LogModuleManager: Shutting down and abandoning module DesktopPlatform (255)
[2018.05.15-00.03.52:561][855]LogModuleManager: Shutting down and abandoning module UObjectPlugin (252)
[2018.05.15-00.03.52:561][855]LogModuleManager: Shutting down and abandoning module SubversionSourceControl (250)
[2018.05.15-00.03.52:561][855]LogModuleManager: Shutting down and abandoning module PerforceSourceControl (248)
[2018.05.15-00.03.52:561][855]LogModuleManager: Shutting down and abandoning module GitSourceControl (246)
[2018.05.15-00.03.52:561][855]LogModuleManager: Shutting down and abandoning module SourceControl (245)
[2018.05.15-00.03.52:561][855]LogModuleManager: Shutting down and abandoning module LightPropagationVolumeEditor (242)
[2018.05.15-00.03.52:561][855]LogModuleManager: Shutting down and abandoning module PaperTiledImporter (240)
[2018.05.15-00.03.52:561][855]LogModuleManager: Shutting down and abandoning module PaperSpriteSheetImporter (238)
[2018.05.15-00.03.52:561][855]LogModuleManager: Shutting down and abandoning module Paper2DEditor (236)
[2018.05.15-00.03.52:561][855]LogModuleManager: Shutting down and abandoning module MeshPaint (235)
[2018.05.15-00.03.52:561][855]LogModuleManager: Shutting down and abandoning module LevelEditor (233)
[2018.05.15-00.03.52:561][855]LogModuleManager: Shutting down and abandoning module PixelInspectorModule (232)
[2018.05.15-00.03.52:562][855]LogModuleManager: Shutting down and abandoning module MainFrame (230)
[2018.05.15-00.03.52:562][855]LogModuleManager: Shutting down and abandoning module HotReload (229)
[2018.05.15-00.03.52:562][855]LogModuleManager: Shutting down and abandoning module ContentBrowser (225)
[2018.05.15-00.03.52:563][855]LogModuleManager: Shutting down and abandoning module PhysXVehiclesEditor (222)
[2018.05.15-00.03.52:563][855]LogModuleManager: Shutting down and abandoning module PhysXVehicles (220)
[2018.05.15-00.03.52:563][855]LogModuleManager: Shutting down and abandoning module LocationServicesBPLibrary (218)
[2018.05.15-00.03.52:563][855]LogModuleManager: Shutting down and abandoning module UdpMessaging (216)
[2018.05.15-00.03.52:665][855]LogModuleManager: Shutting down and abandoning module TcpMessaging (214)
[2018.05.15-00.03.52:765][855]LogModuleManager: Shutting down and abandoning module GameplayTagsEditor (212)
[2018.05.15-00.03.52:765][855]LogModuleManager: Shutting down and abandoning module FacialAnimationEditor (210)
[2018.05.15-00.03.52:765][855]LogModuleManager: Shutting down and abandoning module FacialAnimation (208)
[2018.05.15-00.03.52:765][855]LogModuleManager: Shutting down and abandoning module LightPropagationVolumeRuntime (206)
[2018.05.15-00.03.52:765][855]LogModuleManager: Shutting down and abandoning module Paper2D (204)
[2018.05.15-00.03.52:765][855]LogModuleManager: Shutting down and abandoning module WindowsMoviePlayer (202)
[2018.05.15-00.03.52:765][855]LogModuleManager: Shutting down and abandoning module WmfMedia (200)
[2018.05.15-00.03.52:768][855]LogModuleManager: Shutting down and abandoning module MfMedia (198)
[2018.05.15-00.03.52:768][855]LogModuleManager: Shutting down and abandoning module MediaAssets (196)
[2018.05.15-00.03.52:768][855]LogModuleManager: Shutting down and abandoning module GameLiveStreaming (194)
[2018.05.15-00.03.52:768][855]LogModuleManager: Shutting down and abandoning module VREditor (192)
[2018.05.15-00.03.52:768][855]LogModuleManager: Shutting down and abandoning module GameplayTasksEditor (190)
[2018.05.15-00.03.52:768][855]LogModuleManager: Shutting down and abandoning module BehaviorTreeEditor (188)
[2018.05.15-00.03.52:768][855]LogModuleManager: Shutting down and abandoning module FunctionalTesting (186)
[2018.05.15-00.03.52:768][855]LogModuleManager: Shutting down and abandoning module CollisionAnalyzer (184)
[2018.05.15-00.03.52:768][855]LogModuleManager: Shutting down and abandoning module UMG (182)
[2018.05.15-00.03.52:768][855]LogModuleManager: Shutting down and abandoning module UMGEditor (181)
[2018.05.15-00.03.52:768][855]LogModuleManager: Shutting down and abandoning module Sequencer (180)
[2018.05.15-00.03.52:768][855]LogModuleManager: Shutting down and abandoning module AssetTools (178)
[2018.05.15-00.03.52:768][855]LogModuleManager: Shutting down and abandoning module MessageLog (177)
[2018.05.15-00.03.52:768][855]LogModuleManager: Shutting down and abandoning module WorkspaceMenuStructure (176)
[2018.05.15-00.03.52:768][855]LogModuleManager: Shutting down and abandoning module SlateReflector (170)
[2018.05.15-00.03.52:768][855]LogModuleManager: Shutting down and abandoning module Slate (168)
[2018.05.15-00.03.52:768][855]LogModuleManager: Shutting down and abandoning module EditorStyle (166)
[2018.05.15-00.03.52:770][855]LogModuleManager: Shutting down and abandoning module SourceCodeAccess (164)
[2018.05.15-00.03.52:770][855]LogModuleManager: Shutting down and abandoning module HeadMountedDisplay (162)
[2018.05.15-00.03.52:770][855]LogModuleManager: Shutting down and abandoning module XAudio2 (160)
[2018.05.15-00.03.52:770][855]LogModuleManager: Shutting down and abandoning module Networking (158)
[2018.05.15-00.03.52:770][855]LogModuleManager: Shutting down and abandoning module Core (154)
[2018.05.15-00.03.52:770][855]LogModuleManager: Shutting down and abandoning module AssetRegistry (152)
[2018.05.15-00.03.52:834][855]LogDirectoryWatcher: A directory notification for '../../../Engine/Content/' was aborted.
[2018.05.15-00.03.52:834][855]LogDirectoryWatcher: A directory notification for 'C:/Users/Kaizien/Documents/Unreal Projects/UnrealEngine-PavlovVRWorkshop/Content/' was aborted.
[2018.05.15-00.03.52:834][855]LogDirectoryWatcher: A directory notification for '../../../Engine/Plugins/2D/Paper2D/Content/' was aborted.
[2018.05.15-00.03.52:834][855]LogDirectoryWatcher: A directory notification for 'C:/Users/Kaizien/Documents/Unreal Projects/UnrealEngine-PavlovVRWorkshop/Plugins/CustomMapTools/Content/' was aborted.
[2018.05.15-00.03.52:834][855]LogModuleManager: Shutting down and abandoning module DirectoryWatcher (151)
[2018.05.15-00.03.52:835][855]LogModuleManager: Shutting down and abandoning module KismetCompiler (148)
[2018.05.15-00.03.52:835][855]LogModuleManager: Shutting down and abandoning module PhysXFormats (146)
[2018.05.15-00.03.52:835][855]LogModuleManager: Shutting down and abandoning module MeshUtilities (144)
[2018.05.15-00.03.52:835][855]LogModuleManager: Shutting down and abandoning module SimplygonSwarm (143)
[2018.05.15-00.03.52:835][855]LogModuleManager: Shutting down and abandoning module SimplygonMeshReduction (141)
[2018.05.15-00.03.52:835][855]LogModuleManager: Shutting down and abandoning module QuadricMeshReduction (139)
[2018.05.15-00.03.52:835][855]LogModuleManager: Shutting down and abandoning module PropertyEditor (137)
[2018.05.15-00.03.52:835][855]LogModuleManager: Shutting down and abandoning module DerivedDataCache (134)
[2018.05.15-00.03.53:132][855]LogDerivedDataCache: Shutdown
[2018.05.15-00.03.53:132][855]LogModuleManager: Shutting down and abandoning module TargetPlatform (132)
[2018.05.15-00.03.53:132][855]LogModuleManager: Shutting down and abandoning module VulkanShaderFormat (131)
[2018.05.15-00.03.53:132][855]LogModuleManager: Shutting down and abandoning module ShaderFormatOpenGL (129)
[2018.05.15-00.03.53:132][855]LogModuleManager: Shutting down and abandoning module ShaderFormatD3D (127)
[2018.05.15-00.03.53:132][855]LogModuleManager: Shutting down and abandoning module MetalShaderFormat (125)
[2018.05.15-00.03.53:132][855]LogModuleManager: Shutting down and abandoning module TextureFormatUncompressed (123)
[2018.05.15-00.03.53:132][855]LogModuleManager: Shutting down and abandoning module TextureFormatPVR (121)
[2018.05.15-00.03.53:132][855]LogModuleManager: Shutting down and abandoning module TextureFormatDXT (119)
[2018.05.15-00.03.53:132][855]LogModuleManager: Shutting down and abandoning module TextureFormatIntelISPCTexComp (117)
[2018.05.15-00.03.53:132][855]LogModuleManager: Shutting down and abandoning module TextureFormatASTC (115)
[2018.05.15-00.03.53:132][855]LogModuleManager: Shutting down and abandoning module ImageWrapper (114)
[2018.05.15-00.03.53:132][855]LogModuleManager: Shutting down and abandoning module TextureFormatAndroid (111)
[2018.05.15-00.03.53:132][855]LogModuleManager: Shutting down and abandoning module AudioFormatOpus (109)
[2018.05.15-00.03.53:132][855]LogModuleManager: Shutting down and abandoning module AudioFormatOgg (107)
[2018.05.15-00.03.53:132][855]LogModuleManager: Shutting down and abandoning module AudioFormatADPCM (105)
[2018.05.15-00.03.53:132][855]LogModuleManager: Shutting down and abandoning module LinuxTargetPlatform (103)
[2018.05.15-00.03.53:132][855]LogModuleManager: Shutting down and abandoning module LinuxServerTargetPlatform (101)
[2018.05.15-00.03.53:132][855]LogModuleManager: Shutting down and abandoning module LinuxNoEditorTargetPlatform (99)
[2018.05.15-00.03.53:132][855]LogModuleManager: Shutting down and abandoning module LinuxClientTargetPlatform (97)
[2018.05.15-00.03.53:132][855]LogModuleManager: Shutting down and abandoning module TVOSTargetPlatform (95)
[2018.05.15-00.03.53:132][855]LogModuleManager: Shutting down and abandoning module Messaging (93)
[2018.05.15-00.03.53:132][855]LogModuleManager: Shutting down and abandoning module IOSTargetPlatform (91)
[2018.05.15-00.03.53:132][855]LogModuleManager: Shutting down and abandoning module HTML5TargetPlatform (89)
[2018.05.15-00.03.53:132][855]LogModuleManager: Shutting down and abandoning module Android_PVRTCTargetPlatform (87)
[2018.05.15-00.03.53:132][855]LogModuleManager: Shutting down and abandoning module Android_MultiTargetPlatform (85)
[2018.05.15-00.03.53:132][855]LogModuleManager: Shutting down and abandoning module Android_ETC2TargetPlatform (83)
[2018.05.15-00.03.53:132][855]LogModuleManager: Shutting down and abandoning module Android_ETC1TargetPlatform (81)
[2018.05.15-00.03.53:132][855]LogModuleManager: Shutting down and abandoning module Android_DXTTargetPlatform (79)
[2018.05.15-00.03.53:132][855]LogModuleManager: Shutting down and abandoning module Android_ATCTargetPlatform (77)
[2018.05.15-00.03.53:132][855]LogModuleManager: Shutting down and abandoning module Android_ASTCTargetPlatform (75)
[2018.05.15-00.03.53:132][855]LogModuleManager: Shutting down and abandoning module AndroidTargetPlatform (73)
[2018.05.15-00.03.53:132][855]LogModuleManager: Shutting down and abandoning module WindowsTargetPlatform (71)
[2018.05.15-00.03.53:132][855]LogModuleManager: Shutting down and abandoning module WindowsServerTargetPlatform (69)
[2018.05.15-00.03.53:132][855]LogModuleManager: Shutting down and abandoning module WindowsNoEditorTargetPlatform (67)
[2018.05.15-00.03.53:132][855]LogModuleManager: Shutting down and abandoning module WindowsClientTargetPlatform (65)
[2018.05.15-00.03.53:132][855]LogModuleManager: Shutting down and abandoning module MacTargetPlatform (63)
[2018.05.15-00.03.53:132][855]LogModuleManager: Shutting down and abandoning module MacServerTargetPlatform (61)
[2018.05.15-00.03.53:132][855]LogModuleManager: Shutting down and abandoning module MacNoEditorTargetPlatform (59)
[2018.05.15-00.03.53:132][855]LogModuleManager: Shutting down and abandoning module MacClientTargetPlatform (57)
[2018.05.15-00.03.53:132][855]LogModuleManager: Shutting down and abandoning module AllDesktopTargetPlatform (55)
[2018.05.15-00.03.53:132][855]LogModuleManager: Shutting down and abandoning module InputCore (52)
[2018.05.15-00.03.53:132][855]LogModuleManager: Shutting down and abandoning module Settings (50)
[2018.05.15-00.03.53:132][855]LogModuleManager: Shutting down and abandoning module OculusRift (48)
[2018.05.15-00.03.53:132][855]LogModuleManager: Shutting down and abandoning module GearVR (46)
[2018.05.15-00.03.53:133][855]LogModuleManager: Shutting down and abandoning module ExampleDeviceProfileSelector (44)
[2018.05.15-00.03.53:133][855]LogModuleManager: Shutting down and abandoning module OnlineBlueprintSupport (42)
[2018.05.15-00.03.53:133][855]LogModuleManager: Shutting down and abandoning module OnlineSubsystem (38)
[2018.05.15-00.03.53:133][855]LogOnline:Display: Unloading online subsystem: NULL
[2018.05.15-00.03.53:133][855]LogModuleManager: Shutting down and abandoning module XMPP (37)
[2018.05.15-00.03.53:133][855]LogModuleManager: Shutting down and abandoning module HTTP (35)
[2018.05.15-00.03.53:133][855]LogHttp:Display: Http module shutting down, but needs to wait on 1 outstanding Http requests:
[2018.05.15-00.03.53:133][855]LogHttp:Display: 	verb=[POST] url=[https://datarouter.ol.epicgames.com/datarouter/api/v1/public/data?SessionID=%7BCCA700BA-47A4-C35C-C8AE-A4AED302E60F%7D&AppID=UEEditor.Rocket.Release&AppVersion=4.15.3-3450819%2B%2B%2BUE4%2BRelease-4.15&UserID=64a638fb45afe366e511a1ae3f5feb64%7Cc084440306eb4df9b292fdc98fa98ccb%7Ce3201e7e-f2f5-4bce-b0c9-66be5621e1b3&AppEnvironment=datacollector-binary&UploadType=eteventstream] status=Processing
[2018.05.15-00.03.53:137][855]LogModuleManager: Shutting down and abandoning module SSL (34)
[2018.05.15-00.03.53:138][855]LogModuleManager: Shutting down and abandoning module AudioEditor (30)
[2018.05.15-00.03.53:138][855]LogModuleManager: Shutting down and abandoning module TextureCompressor (28)
[2018.05.15-00.03.53:138][855]LogModuleManager: Shutting down and abandoning module ShaderCore (26)
[2018.05.15-00.03.53:138][855]LogModuleManager: Shutting down and abandoning module Landscape (24)
[2018.05.15-00.03.53:138][855]LogModuleManager: Shutting down and abandoning module SlateRHIRenderer (22)
[2018.05.15-00.03.53:139][855]LogModuleManager: Shutting down and abandoning module OpenGLDrv (20)
[2018.05.15-00.03.53:139][855]LogModuleManager: Shutting down and abandoning module D3D11RHI (18)
[2018.05.15-00.03.53:139][855]LogModuleManager: Shutting down and abandoning module AnimGraphRuntime (16)
[2018.05.15-00.03.53:139][855]LogModuleManager: Shutting down and abandoning module Renderer (14)
[2018.05.15-00.03.53:139][855]LogModuleManager: Shutting down and abandoning module Engine (12)
[2018.05.15-00.03.53:139][855]LogModuleManager: Shutting down and abandoning module CoreUObject (10)
[2018.05.15-00.03.53:139][855]LogModuleManager: Shutting down and abandoning module NetworkFile (8)
[2018.05.15-00.03.53:139][855]LogModuleManager: Shutting down and abandoning module StreamingFile (6)
[2018.05.15-00.03.53:139][855]LogModuleManager: Shutting down and abandoning module SandboxFile (4)
[2018.05.15-00.03.53:139][855]LogModuleManager: Shutting down and abandoning module PakFile (2)
[2018.05.15-00.03.53:142][855]LogExit: Exiting.
[2018.05.15-00.03.53:143][855]Log file closed, 05/14/18 20:03:53
